Watching for file changes with StatReloader
System check identified some issues:

WARNINGS:
?: (staticfiles.W004) The directory 'C:\Users\dipak\Desktop\Company_work\Project1\MyProject\staticfiles' in the STATICFILES_DIRS setting does not exist.

System check identified 1 issue (0 silenced).
C:\Users\dipak\AppData\Local\Programs\Python\Python311\Lib\site-packages\rest_framework\pagination.py:207: UnorderedObjectListWarning: Pagination may yield inconsistent results with an unordered object_list: <class 'MyApp.models.Product'> QuerySet.
  paginator = self.django_paginator_class(queryset, page_size)
[16/Jun/2025 11:16:27] "GET /products/ HTTP/1.1" 200 17458
[16/Jun/2025 11:16:27] "GET /static/rest_framework/css/bootstrap.min.css HTTP/1.1" 200 121457
[16/Jun/2025 11:16:27] "GET /static/rest_framework/css/prettify.css HTTP/1.1" 200 817
[16/Jun/2025 11:16:27] "GET /static/rest_framework/css/bootstrap-tweaks.css HTTP/1.1" 200 3426
[16/Jun/2025 11:16:27] "GET /static/rest_framework/css/default.css HTTP/1.1" 200 1152
[16/Jun/2025 11:16:27] "GET /static/rest_framework/js/ajax-form.js HTTP/1.1" 200 3796
[16/Jun/2025 11:16:27] "GET /static/rest_framework/js/csrf.js HTTP/1.1" 200 1793
[16/Jun/2025 11:16:27] "GET /static/rest_framework/js/prettify-min.js HTTP/1.1" 200 13632
[16/Jun/2025 11:16:27] "GET /static/rest_framework/js/bootstrap.min.js HTTP/1.1" 200 39680
[16/Jun/2025 11:16:27] "GET /static/rest_framework/js/jquery-3.7.1.min.js HTTP/1.1" 200 87533
[16/Jun/2025 11:16:27] "GET /static/rest_framework/js/load-ajax-form.js HTTP/1.1" 200 59
[16/Jun/2025 11:16:27] "GET /static/rest_framework/fonts/glyphicons-halflings-regular.woff2 HTTP/1.1" 200 18028
[16/Jun/2025 11:16:27] "GET /static/rest_framework/js/default.js HTTP/1.1" 200 1268
[16/Jun/2025 11:16:27] "GET /static/rest_framework/img/grid.png HTTP/1.1" 200 1458
Not Found: /favicon.ico
[16/Jun/2025 11:16:27] "GET /favicon.ico HTTP/1.1" 404 13655
[16/Jun/2025 11:16:34] "GET / HTTP/1.1" 200 10271
[16/Jun/2025 11:16:58] "POST /login/ HTTP/1.1" 200 134
Not Found: /ws/orders/
[16/Jun/2025 11:17:06] "GET /ws/orders/?token=fa6cf45912210c9c20124ad4a83923794f65c662 HTTP/1.1" 404 13699
[16/Jun/2025 11:17:06,349] - Broken pipe from ('127.0.0.1', 50968)
[16/Jun/2025 11:17:31] "GET /get_user/ HTTP/1.1" 200 119
2025-06-16 11:17:58,168 INFO     Starting server at tcp:port=8000:interface=127.0.0.1
2025-06-16 11:17:58,170 INFO     HTTP/2 support enabled
2025-06-16 11:17:58,170 INFO     Configuring endpoint tcp:port=8000:interface=127.0.0.1
2025-06-16 11:17:58,170 INFO     Listening on TCP address 127.0.0.1:8000
2025-06-16 11:25:36,060 INFO     Starting server at tcp:port=8000:interface=127.0.0.1
2025-06-16 11:25:36,060 INFO     HTTP/2 support enabled
2025-06-16 11:25:36,060 INFO     Configuring endpoint tcp:port=8000:interface=127.0.0.1
2025-06-16 11:25:36,075 INFO     Listening on TCP address 127.0.0.1:8000
Invalid HTTP_HOST header: '9f44-182-70-40-57.ngrok-free.app'. You may need to add '9f44-182-70-40-57.ngrok-free.app' to ALLOWED_HOSTS.
Traceback (most recent call last):
  File "C:\Users\dipak\AppData\Local\Programs\Python\Python311\Lib\site-packages\asgiref\sync.py", line 518, in thread_handler
    raise exc_info[1]
  File "C:\Users\dipak\AppData\Local\Programs\Python\Python311\Lib\site-packages\django\core\handlers\exception.py", line 42, in inner
    response = await get_response(request)
               ^^^^^^^^^^^^^^^^^^^^^^^^^^^
  File "C:\Users\dipak\AppData\Local\Programs\Python\Python311\Lib\site-packages\django\utils\deprecation.py", line 132, in __acall__
    response = await sync_to_async(
               ^^^^^^^^^^^^^^^^^^^^
  File "C:\Users\dipak\AppData\Local\Programs\Python\Python311\Lib\site-packages\asgiref\sync.py", line 468, in __call__
    ret = await asyncio.shield(exec_coro)
          ^^^^^^^^^^^^^^^^^^^^^^^^^^^^^^^
  File "C:\Users\dipak\AppData\Local\Programs\Python\Python311\Lib\concurrent\futures\thread.py", line 58, in run
    result = self.fn(*self.args, **self.kwargs)
             ^^^^^^^^^^^^^^^^^^^^^^^^^^^^^^^^^^
  File "C:\Users\dipak\AppData\Local\Programs\Python\Python311\Lib\site-packages\asgiref\sync.py", line 522, in thread_handler
    return func(*args, **kwargs)
           ^^^^^^^^^^^^^^^^^^^^^
  File "C:\Users\dipak\AppData\Local\Programs\Python\Python311\Lib\site-packages\django\middleware\common.py", line 48, in process_request
    host = request.get_host()
           ^^^^^^^^^^^^^^^^^^
  File "C:\Users\dipak\AppData\Local\Programs\Python\Python311\Lib\site-packages\django\http\request.py", line 186, in get_host
    raise DisallowedHost(msg)
django.core.exceptions.DisallowedHost: Invalid HTTP_HOST header: '9f44-182-70-40-57.ngrok-free.app'. You may need to add '9f44-182-70-40-57.ngrok-free.app' to ALLOWED_HOSTS.
2025-06-16 11:31:33,829 ERROR    Invalid HTTP_HOST header: '9f44-182-70-40-57.ngrok-free.app'. You may need to add '9f44-182-70-40-57.ngrok-free.app' to ALLOWED_HOSTS.
Traceback (most recent call last):
  File "C:\Users\dipak\AppData\Local\Programs\Python\Python311\Lib\site-packages\asgiref\sync.py", line 518, in thread_handler
    raise exc_info[1]
  File "C:\Users\dipak\AppData\Local\Programs\Python\Python311\Lib\site-packages\django\core\handlers\exception.py", line 42, in inner
    response = await get_response(request)
               ^^^^^^^^^^^^^^^^^^^^^^^^^^^
  File "C:\Users\dipak\AppData\Local\Programs\Python\Python311\Lib\site-packages\django\utils\deprecation.py", line 132, in __acall__
    response = await sync_to_async(
               ^^^^^^^^^^^^^^^^^^^^
  File "C:\Users\dipak\AppData\Local\Programs\Python\Python311\Lib\site-packages\asgiref\sync.py", line 468, in __call__
    ret = await asyncio.shield(exec_coro)
          ^^^^^^^^^^^^^^^^^^^^^^^^^^^^^^^
  File "C:\Users\dipak\AppData\Local\Programs\Python\Python311\Lib\concurrent\futures\thread.py", line 58, in run
    result = self.fn(*self.args, **self.kwargs)
             ^^^^^^^^^^^^^^^^^^^^^^^^^^^^^^^^^^
  File "C:\Users\dipak\AppData\Local\Programs\Python\Python311\Lib\site-packages\asgiref\sync.py", line 522, in thread_handler
    return func(*args, **kwargs)
           ^^^^^^^^^^^^^^^^^^^^^
  File "C:\Users\dipak\AppData\Local\Programs\Python\Python311\Lib\site-packages\django\middleware\common.py", line 48, in process_request
    host = request.get_host()
           ^^^^^^^^^^^^^^^^^^
  File "C:\Users\dipak\AppData\Local\Programs\Python\Python311\Lib\site-packages\django\http\request.py", line 186, in get_host
    raise DisallowedHost(msg)
django.core.exceptions.DisallowedHost: Invalid HTTP_HOST header: '9f44-182-70-40-57.ngrok-free.app'. You may need to add '9f44-182-70-40-57.ngrok-free.app' to ALLOWED_HOSTS.
Invalid HTTP_HOST header: '9f44-182-70-40-57.ngrok-free.app'. You may need to add '9f44-182-70-40-57.ngrok-free.app' to ALLOWED_HOSTS.
Traceback (most recent call last):
  File "C:\Users\dipak\AppData\Local\Programs\Python\Python311\Lib\site-packages\asgiref\sync.py", line 518, in thread_handler
    raise exc_info[1]
  File "C:\Users\dipak\AppData\Local\Programs\Python\Python311\Lib\site-packages\django\core\handlers\exception.py", line 42, in inner
    response = await get_response(request)
               ^^^^^^^^^^^^^^^^^^^^^^^^^^^
  File "C:\Users\dipak\AppData\Local\Programs\Python\Python311\Lib\site-packages\django\utils\deprecation.py", line 132, in __acall__
    response = await sync_to_async(
               ^^^^^^^^^^^^^^^^^^^^
  File "C:\Users\dipak\AppData\Local\Programs\Python\Python311\Lib\site-packages\asgiref\sync.py", line 468, in __call__
    ret = await asyncio.shield(exec_coro)
          ^^^^^^^^^^^^^^^^^^^^^^^^^^^^^^^
  File "C:\Users\dipak\AppData\Local\Programs\Python\Python311\Lib\concurrent\futures\thread.py", line 58, in run
    result = self.fn(*self.args, **self.kwargs)
             ^^^^^^^^^^^^^^^^^^^^^^^^^^^^^^^^^^
  File "C:\Users\dipak\AppData\Local\Programs\Python\Python311\Lib\site-packages\asgiref\sync.py", line 522, in thread_handler
    return func(*args, **kwargs)
           ^^^^^^^^^^^^^^^^^^^^^
  File "C:\Users\dipak\AppData\Local\Programs\Python\Python311\Lib\site-packages\django\middleware\common.py", line 48, in process_request
    host = request.get_host()
           ^^^^^^^^^^^^^^^^^^
  File "C:\Users\dipak\AppData\Local\Programs\Python\Python311\Lib\site-packages\django\http\request.py", line 186, in get_host
    raise DisallowedHost(msg)
django.core.exceptions.DisallowedHost: Invalid HTTP_HOST header: '9f44-182-70-40-57.ngrok-free.app'. You may need to add '9f44-182-70-40-57.ngrok-free.app' to ALLOWED_HOSTS.
2025-06-16 11:31:36,665 ERROR    Invalid HTTP_HOST header: '9f44-182-70-40-57.ngrok-free.app'. You may need to add '9f44-182-70-40-57.ngrok-free.app' to ALLOWED_HOSTS.
Traceback (most recent call last):
  File "C:\Users\dipak\AppData\Local\Programs\Python\Python311\Lib\site-packages\asgiref\sync.py", line 518, in thread_handler
    raise exc_info[1]
  File "C:\Users\dipak\AppData\Local\Programs\Python\Python311\Lib\site-packages\django\core\handlers\exception.py", line 42, in inner
    response = await get_response(request)
               ^^^^^^^^^^^^^^^^^^^^^^^^^^^
  File "C:\Users\dipak\AppData\Local\Programs\Python\Python311\Lib\site-packages\django\utils\deprecation.py", line 132, in __acall__
    response = await sync_to_async(
               ^^^^^^^^^^^^^^^^^^^^
  File "C:\Users\dipak\AppData\Local\Programs\Python\Python311\Lib\site-packages\asgiref\sync.py", line 468, in __call__
    ret = await asyncio.shield(exec_coro)
          ^^^^^^^^^^^^^^^^^^^^^^^^^^^^^^^
  File "C:\Users\dipak\AppData\Local\Programs\Python\Python311\Lib\concurrent\futures\thread.py", line 58, in run
    result = self.fn(*self.args, **self.kwargs)
             ^^^^^^^^^^^^^^^^^^^^^^^^^^^^^^^^^^
  File "C:\Users\dipak\AppData\Local\Programs\Python\Python311\Lib\site-packages\asgiref\sync.py", line 522, in thread_handler
    return func(*args, **kwargs)
           ^^^^^^^^^^^^^^^^^^^^^
  File "C:\Users\dipak\AppData\Local\Programs\Python\Python311\Lib\site-packages\django\middleware\common.py", line 48, in process_request
    host = request.get_host()
           ^^^^^^^^^^^^^^^^^^
  File "C:\Users\dipak\AppData\Local\Programs\Python\Python311\Lib\site-packages\django\http\request.py", line 186, in get_host
    raise DisallowedHost(msg)
django.core.exceptions.DisallowedHost: Invalid HTTP_HOST header: '9f44-182-70-40-57.ngrok-free.app'. You may need to add '9f44-182-70-40-57.ngrok-free.app' to ALLOWED_HOSTS.
Bad Request: /
2025-06-16 11:31:40,076 WARNING  Bad Request: /
Bad Request: /
2025-06-16 11:31:40,080 WARNING  Bad Request: /
Invalid HTTP_HOST header: '9f44-182-70-40-57.ngrok-free.app'. You may need to add '9f44-182-70-40-57.ngrok-free.app' to ALLOWED_HOSTS.
Traceback (most recent call last):
  File "C:\Users\dipak\AppData\Local\Programs\Python\Python311\Lib\site-packages\asgiref\sync.py", line 518, in thread_handler
    raise exc_info[1]
  File "C:\Users\dipak\AppData\Local\Programs\Python\Python311\Lib\site-packages\django\core\handlers\exception.py", line 42, in inner
    response = await get_response(request)
               ^^^^^^^^^^^^^^^^^^^^^^^^^^^
  File "C:\Users\dipak\AppData\Local\Programs\Python\Python311\Lib\site-packages\django\utils\deprecation.py", line 132, in __acall__
    response = await sync_to_async(
               ^^^^^^^^^^^^^^^^^^^^
  File "C:\Users\dipak\AppData\Local\Programs\Python\Python311\Lib\site-packages\asgiref\sync.py", line 468, in __call__
    ret = await asyncio.shield(exec_coro)
          ^^^^^^^^^^^^^^^^^^^^^^^^^^^^^^^
  File "C:\Users\dipak\AppData\Local\Programs\Python\Python311\Lib\concurrent\futures\thread.py", line 58, in run
    result = self.fn(*self.args, **self.kwargs)
             ^^^^^^^^^^^^^^^^^^^^^^^^^^^^^^^^^^
  File "C:\Users\dipak\AppData\Local\Programs\Python\Python311\Lib\site-packages\asgiref\sync.py", line 522, in thread_handler
    return func(*args, **kwargs)
           ^^^^^^^^^^^^^^^^^^^^^
  File "C:\Users\dipak\AppData\Local\Programs\Python\Python311\Lib\site-packages\django\middleware\common.py", line 48, in process_request
    host = request.get_host()
           ^^^^^^^^^^^^^^^^^^
  File "C:\Users\dipak\AppData\Local\Programs\Python\Python311\Lib\site-packages\django\http\request.py", line 186, in get_host
    raise DisallowedHost(msg)
django.core.exceptions.DisallowedHost: Invalid HTTP_HOST header: '9f44-182-70-40-57.ngrok-free.app'. You may need to add '9f44-182-70-40-57.ngrok-free.app' to ALLOWED_HOSTS.
2025-06-16 11:31:50,268 ERROR    Invalid HTTP_HOST header: '9f44-182-70-40-57.ngrok-free.app'. You may need to add '9f44-182-70-40-57.ngrok-free.app' to ALLOWED_HOSTS.
Traceback (most recent call last):
  File "C:\Users\dipak\AppData\Local\Programs\Python\Python311\Lib\site-packages\asgiref\sync.py", line 518, in thread_handler
    raise exc_info[1]
  File "C:\Users\dipak\AppData\Local\Programs\Python\Python311\Lib\site-packages\django\core\handlers\exception.py", line 42, in inner
    response = await get_response(request)
               ^^^^^^^^^^^^^^^^^^^^^^^^^^^
  File "C:\Users\dipak\AppData\Local\Programs\Python\Python311\Lib\site-packages\django\utils\deprecation.py", line 132, in __acall__
    response = await sync_to_async(
               ^^^^^^^^^^^^^^^^^^^^
  File "C:\Users\dipak\AppData\Local\Programs\Python\Python311\Lib\site-packages\asgiref\sync.py", line 468, in __call__
    ret = await asyncio.shield(exec_coro)
          ^^^^^^^^^^^^^^^^^^^^^^^^^^^^^^^
  File "C:\Users\dipak\AppData\Local\Programs\Python\Python311\Lib\concurrent\futures\thread.py", line 58, in run
    result = self.fn(*self.args, **self.kwargs)
             ^^^^^^^^^^^^^^^^^^^^^^^^^^^^^^^^^^
  File "C:\Users\dipak\AppData\Local\Programs\Python\Python311\Lib\site-packages\asgiref\sync.py", line 522, in thread_handler
    return func(*args, **kwargs)
           ^^^^^^^^^^^^^^^^^^^^^
  File "C:\Users\dipak\AppData\Local\Programs\Python\Python311\Lib\site-packages\django\middleware\common.py", line 48, in process_request
    host = request.get_host()
           ^^^^^^^^^^^^^^^^^^
  File "C:\Users\dipak\AppData\Local\Programs\Python\Python311\Lib\site-packages\django\http\request.py", line 186, in get_host
    raise DisallowedHost(msg)
django.core.exceptions.DisallowedHost: Invalid HTTP_HOST header: '9f44-182-70-40-57.ngrok-free.app'. You may need to add '9f44-182-70-40-57.ngrok-free.app' to ALLOWED_HOSTS.
Bad Request: /
2025-06-16 11:31:50,315 WARNING  Bad Request: /
Invalid HTTP_HOST header: '9f44-182-70-40-57.ngrok-free.app'. You may need to add '9f44-182-70-40-57.ngrok-free.app' to ALLOWED_HOSTS.
Traceback (most recent call last):
  File "C:\Users\dipak\AppData\Local\Programs\Python\Python311\Lib\site-packages\asgiref\sync.py", line 518, in thread_handler
    raise exc_info[1]
  File "C:\Users\dipak\AppData\Local\Programs\Python\Python311\Lib\site-packages\django\core\handlers\exception.py", line 42, in inner
    response = await get_response(request)
               ^^^^^^^^^^^^^^^^^^^^^^^^^^^
  File "C:\Users\dipak\AppData\Local\Programs\Python\Python311\Lib\site-packages\django\utils\deprecation.py", line 132, in __acall__
    response = await sync_to_async(
               ^^^^^^^^^^^^^^^^^^^^
  File "C:\Users\dipak\AppData\Local\Programs\Python\Python311\Lib\site-packages\asgiref\sync.py", line 468, in __call__
    ret = await asyncio.shield(exec_coro)
          ^^^^^^^^^^^^^^^^^^^^^^^^^^^^^^^
  File "C:\Users\dipak\AppData\Local\Programs\Python\Python311\Lib\concurrent\futures\thread.py", line 58, in run
    result = self.fn(*self.args, **self.kwargs)
             ^^^^^^^^^^^^^^^^^^^^^^^^^^^^^^^^^^
  File "C:\Users\dipak\AppData\Local\Programs\Python\Python311\Lib\site-packages\asgiref\sync.py", line 522, in thread_handler
    return func(*args, **kwargs)
           ^^^^^^^^^^^^^^^^^^^^^
  File "C:\Users\dipak\AppData\Local\Programs\Python\Python311\Lib\site-packages\django\middleware\common.py", line 48, in process_request
    host = request.get_host()
           ^^^^^^^^^^^^^^^^^^
  File "C:\Users\dipak\AppData\Local\Programs\Python\Python311\Lib\site-packages\django\http\request.py", line 186, in get_host
    raise DisallowedHost(msg)
django.core.exceptions.DisallowedHost: Invalid HTTP_HOST header: '9f44-182-70-40-57.ngrok-free.app'. You may need to add '9f44-182-70-40-57.ngrok-free.app' to ALLOWED_HOSTS.
2025-06-16 11:32:23,016 ERROR    Invalid HTTP_HOST header: '9f44-182-70-40-57.ngrok-free.app'. You may need to add '9f44-182-70-40-57.ngrok-free.app' to ALLOWED_HOSTS.
Traceback (most recent call last):
  File "C:\Users\dipak\AppData\Local\Programs\Python\Python311\Lib\site-packages\asgiref\sync.py", line 518, in thread_handler
    raise exc_info[1]
  File "C:\Users\dipak\AppData\Local\Programs\Python\Python311\Lib\site-packages\django\core\handlers\exception.py", line 42, in inner
    response = await get_response(request)
               ^^^^^^^^^^^^^^^^^^^^^^^^^^^
  File "C:\Users\dipak\AppData\Local\Programs\Python\Python311\Lib\site-packages\django\utils\deprecation.py", line 132, in __acall__
    response = await sync_to_async(
               ^^^^^^^^^^^^^^^^^^^^
  File "C:\Users\dipak\AppData\Local\Programs\Python\Python311\Lib\site-packages\asgiref\sync.py", line 468, in __call__
    ret = await asyncio.shield(exec_coro)
          ^^^^^^^^^^^^^^^^^^^^^^^^^^^^^^^
  File "C:\Users\dipak\AppData\Local\Programs\Python\Python311\Lib\concurrent\futures\thread.py", line 58, in run
    result = self.fn(*self.args, **self.kwargs)
             ^^^^^^^^^^^^^^^^^^^^^^^^^^^^^^^^^^
  File "C:\Users\dipak\AppData\Local\Programs\Python\Python311\Lib\site-packages\asgiref\sync.py", line 522, in thread_handler
    return func(*args, **kwargs)
           ^^^^^^^^^^^^^^^^^^^^^
  File "C:\Users\dipak\AppData\Local\Programs\Python\Python311\Lib\site-packages\django\middleware\common.py", line 48, in process_request
    host = request.get_host()
           ^^^^^^^^^^^^^^^^^^
  File "C:\Users\dipak\AppData\Local\Programs\Python\Python311\Lib\site-packages\django\http\request.py", line 186, in get_host
    raise DisallowedHost(msg)
django.core.exceptions.DisallowedHost: Invalid HTTP_HOST header: '9f44-182-70-40-57.ngrok-free.app'. You may need to add '9f44-182-70-40-57.ngrok-free.app' to ALLOWED_HOSTS.
Bad Request: /
2025-06-16 11:32:23,086 WARNING  Bad Request: /
Invalid HTTP_HOST header: '9f44-182-70-40-57.ngrok-free.app'. You may need to add '9f44-182-70-40-57.ngrok-free.app' to ALLOWED_HOSTS.
Traceback (most recent call last):
  File "C:\Users\dipak\AppData\Local\Programs\Python\Python311\Lib\site-packages\asgiref\sync.py", line 518, in thread_handler
    raise exc_info[1]
  File "C:\Users\dipak\AppData\Local\Programs\Python\Python311\Lib\site-packages\django\core\handlers\exception.py", line 42, in inner
    response = await get_response(request)
               ^^^^^^^^^^^^^^^^^^^^^^^^^^^
  File "C:\Users\dipak\AppData\Local\Programs\Python\Python311\Lib\site-packages\django\utils\deprecation.py", line 132, in __acall__
    response = await sync_to_async(
               ^^^^^^^^^^^^^^^^^^^^
  File "C:\Users\dipak\AppData\Local\Programs\Python\Python311\Lib\site-packages\asgiref\sync.py", line 468, in __call__
    ret = await asyncio.shield(exec_coro)
          ^^^^^^^^^^^^^^^^^^^^^^^^^^^^^^^
  File "C:\Users\dipak\AppData\Local\Programs\Python\Python311\Lib\concurrent\futures\thread.py", line 58, in run
    result = self.fn(*self.args, **self.kwargs)
             ^^^^^^^^^^^^^^^^^^^^^^^^^^^^^^^^^^
  File "C:\Users\dipak\AppData\Local\Programs\Python\Python311\Lib\site-packages\asgiref\sync.py", line 522, in thread_handler
    return func(*args, **kwargs)
           ^^^^^^^^^^^^^^^^^^^^^
  File "C:\Users\dipak\AppData\Local\Programs\Python\Python311\Lib\site-packages\django\middleware\common.py", line 48, in process_request
    host = request.get_host()
           ^^^^^^^^^^^^^^^^^^
  File "C:\Users\dipak\AppData\Local\Programs\Python\Python311\Lib\site-packages\django\http\request.py", line 186, in get_host
    raise DisallowedHost(msg)
django.core.exceptions.DisallowedHost: Invalid HTTP_HOST header: '9f44-182-70-40-57.ngrok-free.app'. You may need to add '9f44-182-70-40-57.ngrok-free.app' to ALLOWED_HOSTS.
2025-06-16 11:32:23,424 ERROR    Invalid HTTP_HOST header: '9f44-182-70-40-57.ngrok-free.app'. You may need to add '9f44-182-70-40-57.ngrok-free.app' to ALLOWED_HOSTS.
Traceback (most recent call last):
  File "C:\Users\dipak\AppData\Local\Programs\Python\Python311\Lib\site-packages\asgiref\sync.py", line 518, in thread_handler
    raise exc_info[1]
  File "C:\Users\dipak\AppData\Local\Programs\Python\Python311\Lib\site-packages\django\core\handlers\exception.py", line 42, in inner
    response = await get_response(request)
               ^^^^^^^^^^^^^^^^^^^^^^^^^^^
  File "C:\Users\dipak\AppData\Local\Programs\Python\Python311\Lib\site-packages\django\utils\deprecation.py", line 132, in __acall__
    response = await sync_to_async(
               ^^^^^^^^^^^^^^^^^^^^
  File "C:\Users\dipak\AppData\Local\Programs\Python\Python311\Lib\site-packages\asgiref\sync.py", line 468, in __call__
    ret = await asyncio.shield(exec_coro)
          ^^^^^^^^^^^^^^^^^^^^^^^^^^^^^^^
  File "C:\Users\dipak\AppData\Local\Programs\Python\Python311\Lib\concurrent\futures\thread.py", line 58, in run
    result = self.fn(*self.args, **self.kwargs)
             ^^^^^^^^^^^^^^^^^^^^^^^^^^^^^^^^^^
  File "C:\Users\dipak\AppData\Local\Programs\Python\Python311\Lib\site-packages\asgiref\sync.py", line 522, in thread_handler
    return func(*args, **kwargs)
           ^^^^^^^^^^^^^^^^^^^^^
  File "C:\Users\dipak\AppData\Local\Programs\Python\Python311\Lib\site-packages\django\middleware\common.py", line 48, in process_request
    host = request.get_host()
           ^^^^^^^^^^^^^^^^^^
  File "C:\Users\dipak\AppData\Local\Programs\Python\Python311\Lib\site-packages\django\http\request.py", line 186, in get_host
    raise DisallowedHost(msg)
django.core.exceptions.DisallowedHost: Invalid HTTP_HOST header: '9f44-182-70-40-57.ngrok-free.app'. You may need to add '9f44-182-70-40-57.ngrok-free.app' to ALLOWED_HOSTS.
Bad Request: /favicon.ico
2025-06-16 11:32:23,488 WARNING  Bad Request: /favicon.ico
Invalid HTTP_HOST header: '9f44-182-70-40-57.ngrok-free.app'. You may need to add '9f44-182-70-40-57.ngrok-free.app' to ALLOWED_HOSTS.
Traceback (most recent call last):
  File "C:\Users\dipak\AppData\Local\Programs\Python\Python311\Lib\site-packages\asgiref\sync.py", line 518, in thread_handler
    raise exc_info[1]
  File "C:\Users\dipak\AppData\Local\Programs\Python\Python311\Lib\site-packages\django\core\handlers\exception.py", line 42, in inner
    response = await get_response(request)
               ^^^^^^^^^^^^^^^^^^^^^^^^^^^
  File "C:\Users\dipak\AppData\Local\Programs\Python\Python311\Lib\site-packages\django\utils\deprecation.py", line 132, in __acall__
    response = await sync_to_async(
               ^^^^^^^^^^^^^^^^^^^^
  File "C:\Users\dipak\AppData\Local\Programs\Python\Python311\Lib\site-packages\asgiref\sync.py", line 468, in __call__
    ret = await asyncio.shield(exec_coro)
          ^^^^^^^^^^^^^^^^^^^^^^^^^^^^^^^
  File "C:\Users\dipak\AppData\Local\Programs\Python\Python311\Lib\concurrent\futures\thread.py", line 58, in run
    result = self.fn(*self.args, **self.kwargs)
             ^^^^^^^^^^^^^^^^^^^^^^^^^^^^^^^^^^
  File "C:\Users\dipak\AppData\Local\Programs\Python\Python311\Lib\site-packages\asgiref\sync.py", line 522, in thread_handler
    return func(*args, **kwargs)
           ^^^^^^^^^^^^^^^^^^^^^
  File "C:\Users\dipak\AppData\Local\Programs\Python\Python311\Lib\site-packages\django\middleware\common.py", line 48, in process_request
    host = request.get_host()
           ^^^^^^^^^^^^^^^^^^
  File "C:\Users\dipak\AppData\Local\Programs\Python\Python311\Lib\site-packages\django\http\request.py", line 186, in get_host
    raise DisallowedHost(msg)
django.core.exceptions.DisallowedHost: Invalid HTTP_HOST header: '9f44-182-70-40-57.ngrok-free.app'. You may need to add '9f44-182-70-40-57.ngrok-free.app' to ALLOWED_HOSTS.
2025-06-16 11:33:01,535 ERROR    Invalid HTTP_HOST header: '9f44-182-70-40-57.ngrok-free.app'. You may need to add '9f44-182-70-40-57.ngrok-free.app' to ALLOWED_HOSTS.
Traceback (most recent call last):
  File "C:\Users\dipak\AppData\Local\Programs\Python\Python311\Lib\site-packages\asgiref\sync.py", line 518, in thread_handler
    raise exc_info[1]
  File "C:\Users\dipak\AppData\Local\Programs\Python\Python311\Lib\site-packages\django\core\handlers\exception.py", line 42, in inner
    response = await get_response(request)
               ^^^^^^^^^^^^^^^^^^^^^^^^^^^
  File "C:\Users\dipak\AppData\Local\Programs\Python\Python311\Lib\site-packages\django\utils\deprecation.py", line 132, in __acall__
    response = await sync_to_async(
               ^^^^^^^^^^^^^^^^^^^^
  File "C:\Users\dipak\AppData\Local\Programs\Python\Python311\Lib\site-packages\asgiref\sync.py", line 468, in __call__
    ret = await asyncio.shield(exec_coro)
          ^^^^^^^^^^^^^^^^^^^^^^^^^^^^^^^
  File "C:\Users\dipak\AppData\Local\Programs\Python\Python311\Lib\concurrent\futures\thread.py", line 58, in run
    result = self.fn(*self.args, **self.kwargs)
             ^^^^^^^^^^^^^^^^^^^^^^^^^^^^^^^^^^
  File "C:\Users\dipak\AppData\Local\Programs\Python\Python311\Lib\site-packages\asgiref\sync.py", line 522, in thread_handler
    return func(*args, **kwargs)
           ^^^^^^^^^^^^^^^^^^^^^
  File "C:\Users\dipak\AppData\Local\Programs\Python\Python311\Lib\site-packages\django\middleware\common.py", line 48, in process_request
    host = request.get_host()
           ^^^^^^^^^^^^^^^^^^
  File "C:\Users\dipak\AppData\Local\Programs\Python\Python311\Lib\site-packages\django\http\request.py", line 186, in get_host
    raise DisallowedHost(msg)
django.core.exceptions.DisallowedHost: Invalid HTTP_HOST header: '9f44-182-70-40-57.ngrok-free.app'. You may need to add '9f44-182-70-40-57.ngrok-free.app' to ALLOWED_HOSTS.
Bad Request: /
2025-06-16 11:33:01,583 WARNING  Bad Request: /
Invalid HTTP_HOST header: '9f44-182-70-40-57.ngrok-free.app'. You may need to add '9f44-182-70-40-57.ngrok-free.app' to ALLOWED_HOSTS.
Traceback (most recent call last):
  File "C:\Users\dipak\AppData\Local\Programs\Python\Python311\Lib\site-packages\asgiref\sync.py", line 518, in thread_handler
    raise exc_info[1]
  File "C:\Users\dipak\AppData\Local\Programs\Python\Python311\Lib\site-packages\django\core\handlers\exception.py", line 42, in inner
    response = await get_response(request)
               ^^^^^^^^^^^^^^^^^^^^^^^^^^^
  File "C:\Users\dipak\AppData\Local\Programs\Python\Python311\Lib\site-packages\django\utils\deprecation.py", line 132, in __acall__
    response = await sync_to_async(
               ^^^^^^^^^^^^^^^^^^^^
  File "C:\Users\dipak\AppData\Local\Programs\Python\Python311\Lib\site-packages\asgiref\sync.py", line 468, in __call__
    ret = await asyncio.shield(exec_coro)
          ^^^^^^^^^^^^^^^^^^^^^^^^^^^^^^^
  File "C:\Users\dipak\AppData\Local\Programs\Python\Python311\Lib\concurrent\futures\thread.py", line 58, in run
    result = self.fn(*self.args, **self.kwargs)
             ^^^^^^^^^^^^^^^^^^^^^^^^^^^^^^^^^^
  File "C:\Users\dipak\AppData\Local\Programs\Python\Python311\Lib\site-packages\asgiref\sync.py", line 522, in thread_handler
    return func(*args, **kwargs)
           ^^^^^^^^^^^^^^^^^^^^^
  File "C:\Users\dipak\AppData\Local\Programs\Python\Python311\Lib\site-packages\django\middleware\common.py", line 48, in process_request
    host = request.get_host()
           ^^^^^^^^^^^^^^^^^^
  File "C:\Users\dipak\AppData\Local\Programs\Python\Python311\Lib\site-packages\django\http\request.py", line 186, in get_host
    raise DisallowedHost(msg)
django.core.exceptions.DisallowedHost: Invalid HTTP_HOST header: '9f44-182-70-40-57.ngrok-free.app'. You may need to add '9f44-182-70-40-57.ngrok-free.app' to ALLOWED_HOSTS.
2025-06-16 11:33:02,151 ERROR    Invalid HTTP_HOST header: '9f44-182-70-40-57.ngrok-free.app'. You may need to add '9f44-182-70-40-57.ngrok-free.app' to ALLOWED_HOSTS.
Traceback (most recent call last):
  File "C:\Users\dipak\AppData\Local\Programs\Python\Python311\Lib\site-packages\asgiref\sync.py", line 518, in thread_handler
    raise exc_info[1]
  File "C:\Users\dipak\AppData\Local\Programs\Python\Python311\Lib\site-packages\django\core\handlers\exception.py", line 42, in inner
    response = await get_response(request)
               ^^^^^^^^^^^^^^^^^^^^^^^^^^^
  File "C:\Users\dipak\AppData\Local\Programs\Python\Python311\Lib\site-packages\django\utils\deprecation.py", line 132, in __acall__
    response = await sync_to_async(
               ^^^^^^^^^^^^^^^^^^^^
  File "C:\Users\dipak\AppData\Local\Programs\Python\Python311\Lib\site-packages\asgiref\sync.py", line 468, in __call__
    ret = await asyncio.shield(exec_coro)
          ^^^^^^^^^^^^^^^^^^^^^^^^^^^^^^^
  File "C:\Users\dipak\AppData\Local\Programs\Python\Python311\Lib\concurrent\futures\thread.py", line 58, in run
    result = self.fn(*self.args, **self.kwargs)
             ^^^^^^^^^^^^^^^^^^^^^^^^^^^^^^^^^^
  File "C:\Users\dipak\AppData\Local\Programs\Python\Python311\Lib\site-packages\asgiref\sync.py", line 522, in thread_handler
    return func(*args, **kwargs)
           ^^^^^^^^^^^^^^^^^^^^^
  File "C:\Users\dipak\AppData\Local\Programs\Python\Python311\Lib\site-packages\django\middleware\common.py", line 48, in process_request
    host = request.get_host()
           ^^^^^^^^^^^^^^^^^^
  File "C:\Users\dipak\AppData\Local\Programs\Python\Python311\Lib\site-packages\django\http\request.py", line 186, in get_host
    raise DisallowedHost(msg)
django.core.exceptions.DisallowedHost: Invalid HTTP_HOST header: '9f44-182-70-40-57.ngrok-free.app'. You may need to add '9f44-182-70-40-57.ngrok-free.app' to ALLOWED_HOSTS.
Bad Request: /favicon.ico
2025-06-16 11:33:02,186 WARNING  Bad Request: /favicon.ico
Invalid HTTP_HOST header: '9f44-182-70-40-57.ngrok-free.app'. You may need to add '9f44-182-70-40-57.ngrok-free.app' to ALLOWED_HOSTS.
Traceback (most recent call last):
  File "C:\Users\dipak\AppData\Local\Programs\Python\Python311\Lib\site-packages\asgiref\sync.py", line 518, in thread_handler
    raise exc_info[1]
  File "C:\Users\dipak\AppData\Local\Programs\Python\Python311\Lib\site-packages\django\core\handlers\exception.py", line 42, in inner
    response = await get_response(request)
               ^^^^^^^^^^^^^^^^^^^^^^^^^^^
  File "C:\Users\dipak\AppData\Local\Programs\Python\Python311\Lib\site-packages\django\utils\deprecation.py", line 132, in __acall__
    response = await sync_to_async(
               ^^^^^^^^^^^^^^^^^^^^
  File "C:\Users\dipak\AppData\Local\Programs\Python\Python311\Lib\site-packages\asgiref\sync.py", line 468, in __call__
    ret = await asyncio.shield(exec_coro)
          ^^^^^^^^^^^^^^^^^^^^^^^^^^^^^^^
  File "C:\Users\dipak\AppData\Local\Programs\Python\Python311\Lib\concurrent\futures\thread.py", line 58, in run
    result = self.fn(*self.args, **self.kwargs)
             ^^^^^^^^^^^^^^^^^^^^^^^^^^^^^^^^^^
  File "C:\Users\dipak\AppData\Local\Programs\Python\Python311\Lib\site-packages\asgiref\sync.py", line 522, in thread_handler
    return func(*args, **kwargs)
           ^^^^^^^^^^^^^^^^^^^^^
  File "C:\Users\dipak\AppData\Local\Programs\Python\Python311\Lib\site-packages\django\middleware\common.py", line 48, in process_request
    host = request.get_host()
           ^^^^^^^^^^^^^^^^^^
  File "C:\Users\dipak\AppData\Local\Programs\Python\Python311\Lib\site-packages\django\http\request.py", line 186, in get_host
    raise DisallowedHost(msg)
django.core.exceptions.DisallowedHost: Invalid HTTP_HOST header: '9f44-182-70-40-57.ngrok-free.app'. You may need to add '9f44-182-70-40-57.ngrok-free.app' to ALLOWED_HOSTS.
2025-06-16 11:33:22,847 ERROR    Invalid HTTP_HOST header: '9f44-182-70-40-57.ngrok-free.app'. You may need to add '9f44-182-70-40-57.ngrok-free.app' to ALLOWED_HOSTS.
Traceback (most recent call last):
  File "C:\Users\dipak\AppData\Local\Programs\Python\Python311\Lib\site-packages\asgiref\sync.py", line 518, in thread_handler
    raise exc_info[1]
  File "C:\Users\dipak\AppData\Local\Programs\Python\Python311\Lib\site-packages\django\core\handlers\exception.py", line 42, in inner
    response = await get_response(request)
               ^^^^^^^^^^^^^^^^^^^^^^^^^^^
  File "C:\Users\dipak\AppData\Local\Programs\Python\Python311\Lib\site-packages\django\utils\deprecation.py", line 132, in __acall__
    response = await sync_to_async(
               ^^^^^^^^^^^^^^^^^^^^
  File "C:\Users\dipak\AppData\Local\Programs\Python\Python311\Lib\site-packages\asgiref\sync.py", line 468, in __call__
    ret = await asyncio.shield(exec_coro)
          ^^^^^^^^^^^^^^^^^^^^^^^^^^^^^^^
  File "C:\Users\dipak\AppData\Local\Programs\Python\Python311\Lib\concurrent\futures\thread.py", line 58, in run
    result = self.fn(*self.args, **self.kwargs)
             ^^^^^^^^^^^^^^^^^^^^^^^^^^^^^^^^^^
  File "C:\Users\dipak\AppData\Local\Programs\Python\Python311\Lib\site-packages\asgiref\sync.py", line 522, in thread_handler
    return func(*args, **kwargs)
           ^^^^^^^^^^^^^^^^^^^^^
  File "C:\Users\dipak\AppData\Local\Programs\Python\Python311\Lib\site-packages\django\middleware\common.py", line 48, in process_request
    host = request.get_host()
           ^^^^^^^^^^^^^^^^^^
  File "C:\Users\dipak\AppData\Local\Programs\Python\Python311\Lib\site-packages\django\http\request.py", line 186, in get_host
    raise DisallowedHost(msg)
django.core.exceptions.DisallowedHost: Invalid HTTP_HOST header: '9f44-182-70-40-57.ngrok-free.app'. You may need to add '9f44-182-70-40-57.ngrok-free.app' to ALLOWED_HOSTS.
Bad Request: /
2025-06-16 11:33:22,905 WARNING  Bad Request: /
Invalid HTTP_HOST header: '9f44-182-70-40-57.ngrok-free.app'. You may need to add '9f44-182-70-40-57.ngrok-free.app' to ALLOWED_HOSTS.
Traceback (most recent call last):
  File "C:\Users\dipak\AppData\Local\Programs\Python\Python311\Lib\site-packages\asgiref\sync.py", line 518, in thread_handler
    raise exc_info[1]
  File "C:\Users\dipak\AppData\Local\Programs\Python\Python311\Lib\site-packages\django\core\handlers\exception.py", line 42, in inner
    response = await get_response(request)
               ^^^^^^^^^^^^^^^^^^^^^^^^^^^
  File "C:\Users\dipak\AppData\Local\Programs\Python\Python311\Lib\site-packages\django\utils\deprecation.py", line 132, in __acall__
    response = await sync_to_async(
               ^^^^^^^^^^^^^^^^^^^^
  File "C:\Users\dipak\AppData\Local\Programs\Python\Python311\Lib\site-packages\asgiref\sync.py", line 468, in __call__
    ret = await asyncio.shield(exec_coro)
          ^^^^^^^^^^^^^^^^^^^^^^^^^^^^^^^
  File "C:\Users\dipak\AppData\Local\Programs\Python\Python311\Lib\concurrent\futures\thread.py", line 58, in run
    result = self.fn(*self.args, **self.kwargs)
             ^^^^^^^^^^^^^^^^^^^^^^^^^^^^^^^^^^
  File "C:\Users\dipak\AppData\Local\Programs\Python\Python311\Lib\site-packages\asgiref\sync.py", line 522, in thread_handler
    return func(*args, **kwargs)
           ^^^^^^^^^^^^^^^^^^^^^
  File "C:\Users\dipak\AppData\Local\Programs\Python\Python311\Lib\site-packages\django\middleware\common.py", line 48, in process_request
    host = request.get_host()
           ^^^^^^^^^^^^^^^^^^
  File "C:\Users\dipak\AppData\Local\Programs\Python\Python311\Lib\site-packages\django\http\request.py", line 186, in get_host
    raise DisallowedHost(msg)
django.core.exceptions.DisallowedHost: Invalid HTTP_HOST header: '9f44-182-70-40-57.ngrok-free.app'. You may need to add '9f44-182-70-40-57.ngrok-free.app' to ALLOWED_HOSTS.
2025-06-16 11:33:23,578 ERROR    Invalid HTTP_HOST header: '9f44-182-70-40-57.ngrok-free.app'. You may need to add '9f44-182-70-40-57.ngrok-free.app' to ALLOWED_HOSTS.
Traceback (most recent call last):
  File "C:\Users\dipak\AppData\Local\Programs\Python\Python311\Lib\site-packages\asgiref\sync.py", line 518, in thread_handler
    raise exc_info[1]
  File "C:\Users\dipak\AppData\Local\Programs\Python\Python311\Lib\site-packages\django\core\handlers\exception.py", line 42, in inner
    response = await get_response(request)
               ^^^^^^^^^^^^^^^^^^^^^^^^^^^
  File "C:\Users\dipak\AppData\Local\Programs\Python\Python311\Lib\site-packages\django\utils\deprecation.py", line 132, in __acall__
    response = await sync_to_async(
               ^^^^^^^^^^^^^^^^^^^^
  File "C:\Users\dipak\AppData\Local\Programs\Python\Python311\Lib\site-packages\asgiref\sync.py", line 468, in __call__
    ret = await asyncio.shield(exec_coro)
          ^^^^^^^^^^^^^^^^^^^^^^^^^^^^^^^
  File "C:\Users\dipak\AppData\Local\Programs\Python\Python311\Lib\concurrent\futures\thread.py", line 58, in run
    result = self.fn(*self.args, **self.kwargs)
             ^^^^^^^^^^^^^^^^^^^^^^^^^^^^^^^^^^
  File "C:\Users\dipak\AppData\Local\Programs\Python\Python311\Lib\site-packages\asgiref\sync.py", line 522, in thread_handler
    return func(*args, **kwargs)
           ^^^^^^^^^^^^^^^^^^^^^
  File "C:\Users\dipak\AppData\Local\Programs\Python\Python311\Lib\site-packages\django\middleware\common.py", line 48, in process_request
    host = request.get_host()
           ^^^^^^^^^^^^^^^^^^
  File "C:\Users\dipak\AppData\Local\Programs\Python\Python311\Lib\site-packages\django\http\request.py", line 186, in get_host
    raise DisallowedHost(msg)
django.core.exceptions.DisallowedHost: Invalid HTTP_HOST header: '9f44-182-70-40-57.ngrok-free.app'. You may need to add '9f44-182-70-40-57.ngrok-free.app' to ALLOWED_HOSTS.
Bad Request: /favicon.ico
2025-06-16 11:33:23,683 WARNING  Bad Request: /favicon.ico
2025-06-16 11:33:38,025 INFO     Killed 0 pending application instances
2025-06-16 11:33:41,780 INFO     Starting server at tcp:port=8000:interface=127.0.0.1
2025-06-16 11:33:41,780 INFO     HTTP/2 support enabled
2025-06-16 11:33:41,780 INFO     Configuring endpoint tcp:port=8000:interface=127.0.0.1
2025-06-16 11:33:41,780 INFO     Listening on TCP address 127.0.0.1:8000
Not Found: /favicon.ico
2025-06-16 11:33:55,407 WARNING  Not Found: /favicon.ico
Not Found: /favicon.ico
2025-06-16 11:34:25,549 WARNING  Not Found: /favicon.ico
2025-06-16 12:05:27,229 INFO     Starting server at tcp:port=8000:interface=127.0.0.1
2025-06-16 12:05:27,229 INFO     HTTP/2 support enabled
2025-06-16 12:05:27,229 INFO     Configuring endpoint tcp:port=8000:interface=127.0.0.1
2025-06-16 12:05:27,229 INFO     Listening on TCP address 127.0.0.1:8000
Not Found: /favicon.ico
2025-06-16 12:06:30,780 WARNING  Not Found: /favicon.ico
2025-06-16 12:29:47,402 INFO     Starting server at tcp:port=8000:interface=127.0.0.1
2025-06-16 12:29:47,418 INFO     HTTP/2 support enabled
2025-06-16 12:29:47,419 INFO     Configuring endpoint tcp:port=8000:interface=127.0.0.1
2025-06-16 12:29:47,419 INFO     Listening on TCP address 127.0.0.1:8000
2025-06-16 12:45:29,178 INFO     Starting server at tcp:port=8000:interface=127.0.0.1
2025-06-16 12:45:29,178 INFO     HTTP/2 support enabled
2025-06-16 12:45:29,178 INFO     Configuring endpoint tcp:port=8000:interface=127.0.0.1
2025-06-16 12:45:29,185 INFO     Listening on TCP address 127.0.0.1:8000
2025-06-16 12:48:41,374 INFO     Starting server at tcp:port=8000:interface=127.0.0.1
2025-06-16 12:48:41,374 INFO     HTTP/2 support enabled
2025-06-16 12:48:41,374 INFO     Configuring endpoint tcp:port=8000:interface=127.0.0.1
2025-06-16 12:48:41,374 INFO     Listening on TCP address 127.0.0.1:8000
2025-06-16 12:51:13,699 INFO     Killed 0 pending application instances
2025-06-16 13:07:36,431 INFO     Starting server at tcp:port=8000:interface=127.0.0.1
2025-06-16 13:07:36,431 INFO     HTTP/2 support enabled
2025-06-16 13:07:36,431 INFO     Configuring endpoint tcp:port=8000:interface=127.0.0.1
2025-06-16 13:07:36,431 INFO     Listening on TCP address 127.0.0.1:8000
2025-06-16 13:17:03,413 INFO     Starting server at tcp:port=8000:interface=127.0.0.1
2025-06-16 13:17:03,413 INFO     HTTP/2 support enabled
2025-06-16 13:17:03,413 INFO     Configuring endpoint tcp:port=8000:interface=127.0.0.1
2025-06-16 13:17:03,413 INFO     Listening on TCP address 127.0.0.1:8000
2025-06-16 13:18:57,361 INFO     Starting server at tcp:port=8000:interface=127.0.0.1
2025-06-16 13:18:57,361 INFO     HTTP/2 support enabled
2025-06-16 13:18:57,361 INFO     Configuring endpoint tcp:port=8000:interface=127.0.0.1
2025-06-16 13:18:57,361 INFO     Listening on TCP address 127.0.0.1:8000
2025-06-16 14:13:12,288 INFO     Starting server at tcp:port=8000:interface=127.0.0.1
2025-06-16 14:13:12,288 INFO     HTTP/2 support enabled
2025-06-16 14:13:12,288 INFO     Configuring endpoint tcp:port=8000:interface=127.0.0.1
2025-06-16 14:13:12,288 INFO     Listening on TCP address 127.0.0.1:8000
2025-06-16 14:40:38,148 INFO     Starting server at tcp:port=8000:interface=127.0.0.1
2025-06-16 14:40:38,148 INFO     HTTP/2 support enabled
2025-06-16 14:40:38,148 INFO     Configuring endpoint tcp:port=8000:interface=127.0.0.1
2025-06-16 14:40:38,163 INFO     Listening on TCP address 127.0.0.1:8000
2025-06-16 14:49:15,283 INFO     Killed 0 pending application instances
2025-06-16 14:56:51,432 INFO     Starting server at tcp:port=8000:interface=127.0.0.1
2025-06-16 14:56:51,432 INFO     HTTP/2 support enabled
2025-06-16 14:56:51,433 INFO     Configuring endpoint tcp:port=8000:interface=127.0.0.1
2025-06-16 14:56:51,434 INFO     Listening on TCP address 127.0.0.1:8000
2025-06-16 15:01:22,338 INFO     Killed 0 pending application instances
2025-06-16 15:13:17,667 INFO     Starting server at tcp:port=8000:interface=127.0.0.1
2025-06-16 15:13:17,667 INFO     HTTP/2 support enabled
2025-06-16 15:13:17,667 INFO     Configuring endpoint tcp:port=8000:interface=127.0.0.1
2025-06-16 15:13:17,667 INFO     Listening on TCP address 127.0.0.1:8000
2025-06-16 15:16:20,052 INFO     Killed 0 pending application instances
2025-06-16 15:16:43,670 INFO     Starting server at tcp:port=8000:interface=127.0.0.1
2025-06-16 15:16:43,671 INFO     HTTP/2 support enabled
2025-06-16 15:16:43,671 INFO     Configuring endpoint tcp:port=8000:interface=127.0.0.1
2025-06-16 15:16:43,672 INFO     Listening on TCP address 127.0.0.1:8000
Not Found: /favicon.ico
2025-06-16 19:23:16,087 WARNING  Not Found: /favicon.ico
Not Found: /favicon.ico
2025-06-17 09:23:23,699 WARNING  Not Found: /favicon.ico
Not Found: /favicon.ico
2025-06-17 09:44:25,709 WARNING  Not Found: /favicon.ico
2025-06-17 09:47:09,287 INFO     Killed 0 pending application instances
2025-06-17 09:47:16,212 INFO     Starting server at tcp:port=8000:interface=127.0.0.1
2025-06-17 09:47:16,212 INFO     HTTP/2 support enabled
2025-06-17 09:47:16,212 INFO     Configuring endpoint tcp:port=8000:interface=127.0.0.1
2025-06-17 09:47:16,212 INFO     Listening on TCP address 127.0.0.1:8000
Invalid HTTP_HOST header: '07bd-2401-4900-1c17-c159-a435-48a-9301-8e2d.ngrok-free.app'. You may need to add '07bd-2401-4900-1c17-c159-a435-48a-9301-8e2d.ngrok-free.app' to ALLOWED_HOSTS.
Traceback (most recent call last):
  File "C:\Users\dipak\AppData\Local\Programs\Python\Python311\Lib\site-packages\asgiref\sync.py", line 518, in thread_handler
    raise exc_info[1]
  File "C:\Users\dipak\AppData\Local\Programs\Python\Python311\Lib\site-packages\django\core\handlers\exception.py", line 42, in inner
    response = await get_response(request)
               ^^^^^^^^^^^^^^^^^^^^^^^^^^^
  File "C:\Users\dipak\AppData\Local\Programs\Python\Python311\Lib\site-packages\django\utils\deprecation.py", line 132, in __acall__
    response = await sync_to_async(
               ^^^^^^^^^^^^^^^^^^^^
  File "C:\Users\dipak\AppData\Local\Programs\Python\Python311\Lib\site-packages\asgiref\sync.py", line 468, in __call__
    ret = await asyncio.shield(exec_coro)
          ^^^^^^^^^^^^^^^^^^^^^^^^^^^^^^^
  File "C:\Users\dipak\AppData\Local\Programs\Python\Python311\Lib\concurrent\futures\thread.py", line 58, in run
    result = self.fn(*self.args, **self.kwargs)
             ^^^^^^^^^^^^^^^^^^^^^^^^^^^^^^^^^^
  File "C:\Users\dipak\AppData\Local\Programs\Python\Python311\Lib\site-packages\asgiref\sync.py", line 522, in thread_handler
    return func(*args, **kwargs)
           ^^^^^^^^^^^^^^^^^^^^^
  File "C:\Users\dipak\AppData\Local\Programs\Python\Python311\Lib\site-packages\django\middleware\common.py", line 48, in process_request
    host = request.get_host()
           ^^^^^^^^^^^^^^^^^^
  File "C:\Users\dipak\AppData\Local\Programs\Python\Python311\Lib\site-packages\django\http\request.py", line 186, in get_host
    raise DisallowedHost(msg)
django.core.exceptions.DisallowedHost: Invalid HTTP_HOST header: '07bd-2401-4900-1c17-c159-a435-48a-9301-8e2d.ngrok-free.app'. You may need to add '07bd-2401-4900-1c17-c159-a435-48a-9301-8e2d.ngrok-free.app' to ALLOWED_HOSTS.
2025-06-17 09:49:19,322 ERROR    Invalid HTTP_HOST header: '07bd-2401-4900-1c17-c159-a435-48a-9301-8e2d.ngrok-free.app'. You may need to add '07bd-2401-4900-1c17-c159-a435-48a-9301-8e2d.ngrok-free.app' to ALLOWED_HOSTS.
Traceback (most recent call last):
  File "C:\Users\dipak\AppData\Local\Programs\Python\Python311\Lib\site-packages\asgiref\sync.py", line 518, in thread_handler
    raise exc_info[1]
  File "C:\Users\dipak\AppData\Local\Programs\Python\Python311\Lib\site-packages\django\core\handlers\exception.py", line 42, in inner
    response = await get_response(request)
               ^^^^^^^^^^^^^^^^^^^^^^^^^^^
  File "C:\Users\dipak\AppData\Local\Programs\Python\Python311\Lib\site-packages\django\utils\deprecation.py", line 132, in __acall__
    response = await sync_to_async(
               ^^^^^^^^^^^^^^^^^^^^
  File "C:\Users\dipak\AppData\Local\Programs\Python\Python311\Lib\site-packages\asgiref\sync.py", line 468, in __call__
    ret = await asyncio.shield(exec_coro)
          ^^^^^^^^^^^^^^^^^^^^^^^^^^^^^^^
  File "C:\Users\dipak\AppData\Local\Programs\Python\Python311\Lib\concurrent\futures\thread.py", line 58, in run
    result = self.fn(*self.args, **self.kwargs)
             ^^^^^^^^^^^^^^^^^^^^^^^^^^^^^^^^^^
  File "C:\Users\dipak\AppData\Local\Programs\Python\Python311\Lib\site-packages\asgiref\sync.py", line 522, in thread_handler
    return func(*args, **kwargs)
           ^^^^^^^^^^^^^^^^^^^^^
  File "C:\Users\dipak\AppData\Local\Programs\Python\Python311\Lib\site-packages\django\middleware\common.py", line 48, in process_request
    host = request.get_host()
           ^^^^^^^^^^^^^^^^^^
  File "C:\Users\dipak\AppData\Local\Programs\Python\Python311\Lib\site-packages\django\http\request.py", line 186, in get_host
    raise DisallowedHost(msg)
django.core.exceptions.DisallowedHost: Invalid HTTP_HOST header: '07bd-2401-4900-1c17-c159-a435-48a-9301-8e2d.ngrok-free.app'. You may need to add '07bd-2401-4900-1c17-c159-a435-48a-9301-8e2d.ngrok-free.app' to ALLOWED_HOSTS.
Bad Request: /
2025-06-17 09:49:21,968 WARNING  Bad Request: /
Invalid HTTP_HOST header: '07bd-2401-4900-1c17-c159-a435-48a-9301-8e2d.ngrok-free.app'. You may need to add '07bd-2401-4900-1c17-c159-a435-48a-9301-8e2d.ngrok-free.app' to ALLOWED_HOSTS.
Traceback (most recent call last):
  File "C:\Users\dipak\AppData\Local\Programs\Python\Python311\Lib\site-packages\asgiref\sync.py", line 518, in thread_handler
    raise exc_info[1]
  File "C:\Users\dipak\AppData\Local\Programs\Python\Python311\Lib\site-packages\django\core\handlers\exception.py", line 42, in inner
    response = await get_response(request)
               ^^^^^^^^^^^^^^^^^^^^^^^^^^^
  File "C:\Users\dipak\AppData\Local\Programs\Python\Python311\Lib\site-packages\django\utils\deprecation.py", line 132, in __acall__
    response = await sync_to_async(
               ^^^^^^^^^^^^^^^^^^^^
  File "C:\Users\dipak\AppData\Local\Programs\Python\Python311\Lib\site-packages\asgiref\sync.py", line 468, in __call__
    ret = await asyncio.shield(exec_coro)
          ^^^^^^^^^^^^^^^^^^^^^^^^^^^^^^^
  File "C:\Users\dipak\AppData\Local\Programs\Python\Python311\Lib\concurrent\futures\thread.py", line 58, in run
    result = self.fn(*self.args, **self.kwargs)
             ^^^^^^^^^^^^^^^^^^^^^^^^^^^^^^^^^^
  File "C:\Users\dipak\AppData\Local\Programs\Python\Python311\Lib\site-packages\asgiref\sync.py", line 522, in thread_handler
    return func(*args, **kwargs)
           ^^^^^^^^^^^^^^^^^^^^^
  File "C:\Users\dipak\AppData\Local\Programs\Python\Python311\Lib\site-packages\django\middleware\common.py", line 48, in process_request
    host = request.get_host()
           ^^^^^^^^^^^^^^^^^^
  File "C:\Users\dipak\AppData\Local\Programs\Python\Python311\Lib\site-packages\django\http\request.py", line 186, in get_host
    raise DisallowedHost(msg)
django.core.exceptions.DisallowedHost: Invalid HTTP_HOST header: '07bd-2401-4900-1c17-c159-a435-48a-9301-8e2d.ngrok-free.app'. You may need to add '07bd-2401-4900-1c17-c159-a435-48a-9301-8e2d.ngrok-free.app' to ALLOWED_HOSTS.
2025-06-17 09:49:22,210 ERROR    Invalid HTTP_HOST header: '07bd-2401-4900-1c17-c159-a435-48a-9301-8e2d.ngrok-free.app'. You may need to add '07bd-2401-4900-1c17-c159-a435-48a-9301-8e2d.ngrok-free.app' to ALLOWED_HOSTS.
Traceback (most recent call last):
  File "C:\Users\dipak\AppData\Local\Programs\Python\Python311\Lib\site-packages\asgiref\sync.py", line 518, in thread_handler
    raise exc_info[1]
  File "C:\Users\dipak\AppData\Local\Programs\Python\Python311\Lib\site-packages\django\core\handlers\exception.py", line 42, in inner
    response = await get_response(request)
               ^^^^^^^^^^^^^^^^^^^^^^^^^^^
  File "C:\Users\dipak\AppData\Local\Programs\Python\Python311\Lib\site-packages\django\utils\deprecation.py", line 132, in __acall__
    response = await sync_to_async(
               ^^^^^^^^^^^^^^^^^^^^
  File "C:\Users\dipak\AppData\Local\Programs\Python\Python311\Lib\site-packages\asgiref\sync.py", line 468, in __call__
    ret = await asyncio.shield(exec_coro)
          ^^^^^^^^^^^^^^^^^^^^^^^^^^^^^^^
  File "C:\Users\dipak\AppData\Local\Programs\Python\Python311\Lib\concurrent\futures\thread.py", line 58, in run
    result = self.fn(*self.args, **self.kwargs)
             ^^^^^^^^^^^^^^^^^^^^^^^^^^^^^^^^^^
  File "C:\Users\dipak\AppData\Local\Programs\Python\Python311\Lib\site-packages\asgiref\sync.py", line 522, in thread_handler
    return func(*args, **kwargs)
           ^^^^^^^^^^^^^^^^^^^^^
  File "C:\Users\dipak\AppData\Local\Programs\Python\Python311\Lib\site-packages\django\middleware\common.py", line 48, in process_request
    host = request.get_host()
           ^^^^^^^^^^^^^^^^^^
  File "C:\Users\dipak\AppData\Local\Programs\Python\Python311\Lib\site-packages\django\http\request.py", line 186, in get_host
    raise DisallowedHost(msg)
django.core.exceptions.DisallowedHost: Invalid HTTP_HOST header: '07bd-2401-4900-1c17-c159-a435-48a-9301-8e2d.ngrok-free.app'. You may need to add '07bd-2401-4900-1c17-c159-a435-48a-9301-8e2d.ngrok-free.app' to ALLOWED_HOSTS.
Bad Request: /favicon.ico
2025-06-17 09:49:22,228 WARNING  Bad Request: /favicon.ico
Invalid HTTP_HOST header: '07bd-2401-4900-1c17-c159-a435-48a-9301-8e2d.ngrok-free.app'. You may need to add '07bd-2401-4900-1c17-c159-a435-48a-9301-8e2d.ngrok-free.app' to ALLOWED_HOSTS.
Traceback (most recent call last):
  File "C:\Users\dipak\AppData\Local\Programs\Python\Python311\Lib\site-packages\asgiref\sync.py", line 518, in thread_handler
    raise exc_info[1]
  File "C:\Users\dipak\AppData\Local\Programs\Python\Python311\Lib\site-packages\django\core\handlers\exception.py", line 42, in inner
    response = await get_response(request)
               ^^^^^^^^^^^^^^^^^^^^^^^^^^^
  File "C:\Users\dipak\AppData\Local\Programs\Python\Python311\Lib\site-packages\django\utils\deprecation.py", line 132, in __acall__
    response = await sync_to_async(
               ^^^^^^^^^^^^^^^^^^^^
  File "C:\Users\dipak\AppData\Local\Programs\Python\Python311\Lib\site-packages\asgiref\sync.py", line 468, in __call__
    ret = await asyncio.shield(exec_coro)
          ^^^^^^^^^^^^^^^^^^^^^^^^^^^^^^^
  File "C:\Users\dipak\AppData\Local\Programs\Python\Python311\Lib\concurrent\futures\thread.py", line 58, in run
    result = self.fn(*self.args, **self.kwargs)
             ^^^^^^^^^^^^^^^^^^^^^^^^^^^^^^^^^^
  File "C:\Users\dipak\AppData\Local\Programs\Python\Python311\Lib\site-packages\asgiref\sync.py", line 522, in thread_handler
    return func(*args, **kwargs)
           ^^^^^^^^^^^^^^^^^^^^^
  File "C:\Users\dipak\AppData\Local\Programs\Python\Python311\Lib\site-packages\django\middleware\common.py", line 48, in process_request
    host = request.get_host()
           ^^^^^^^^^^^^^^^^^^
  File "C:\Users\dipak\AppData\Local\Programs\Python\Python311\Lib\site-packages\django\http\request.py", line 186, in get_host
    raise DisallowedHost(msg)
django.core.exceptions.DisallowedHost: Invalid HTTP_HOST header: '07bd-2401-4900-1c17-c159-a435-48a-9301-8e2d.ngrok-free.app'. You may need to add '07bd-2401-4900-1c17-c159-a435-48a-9301-8e2d.ngrok-free.app' to ALLOWED_HOSTS.
2025-06-17 09:50:43,178 ERROR    Invalid HTTP_HOST header: '07bd-2401-4900-1c17-c159-a435-48a-9301-8e2d.ngrok-free.app'. You may need to add '07bd-2401-4900-1c17-c159-a435-48a-9301-8e2d.ngrok-free.app' to ALLOWED_HOSTS.
Traceback (most recent call last):
  File "C:\Users\dipak\AppData\Local\Programs\Python\Python311\Lib\site-packages\asgiref\sync.py", line 518, in thread_handler
    raise exc_info[1]
  File "C:\Users\dipak\AppData\Local\Programs\Python\Python311\Lib\site-packages\django\core\handlers\exception.py", line 42, in inner
    response = await get_response(request)
               ^^^^^^^^^^^^^^^^^^^^^^^^^^^
  File "C:\Users\dipak\AppData\Local\Programs\Python\Python311\Lib\site-packages\django\utils\deprecation.py", line 132, in __acall__
    response = await sync_to_async(
               ^^^^^^^^^^^^^^^^^^^^
  File "C:\Users\dipak\AppData\Local\Programs\Python\Python311\Lib\site-packages\asgiref\sync.py", line 468, in __call__
    ret = await asyncio.shield(exec_coro)
          ^^^^^^^^^^^^^^^^^^^^^^^^^^^^^^^
  File "C:\Users\dipak\AppData\Local\Programs\Python\Python311\Lib\concurrent\futures\thread.py", line 58, in run
    result = self.fn(*self.args, **self.kwargs)
             ^^^^^^^^^^^^^^^^^^^^^^^^^^^^^^^^^^
  File "C:\Users\dipak\AppData\Local\Programs\Python\Python311\Lib\site-packages\asgiref\sync.py", line 522, in thread_handler
    return func(*args, **kwargs)
           ^^^^^^^^^^^^^^^^^^^^^
  File "C:\Users\dipak\AppData\Local\Programs\Python\Python311\Lib\site-packages\django\middleware\common.py", line 48, in process_request
    host = request.get_host()
           ^^^^^^^^^^^^^^^^^^
  File "C:\Users\dipak\AppData\Local\Programs\Python\Python311\Lib\site-packages\django\http\request.py", line 186, in get_host
    raise DisallowedHost(msg)
django.core.exceptions.DisallowedHost: Invalid HTTP_HOST header: '07bd-2401-4900-1c17-c159-a435-48a-9301-8e2d.ngrok-free.app'. You may need to add '07bd-2401-4900-1c17-c159-a435-48a-9301-8e2d.ngrok-free.app' to ALLOWED_HOSTS.
Bad Request: /
2025-06-17 09:50:43,203 WARNING  Bad Request: /
Invalid HTTP_HOST header: '07bd-2401-4900-1c17-c159-a435-48a-9301-8e2d.ngrok-free.app'. You may need to add '07bd-2401-4900-1c17-c159-a435-48a-9301-8e2d.ngrok-free.app' to ALLOWED_HOSTS.
Traceback (most recent call last):
  File "C:\Users\dipak\AppData\Local\Programs\Python\Python311\Lib\site-packages\asgiref\sync.py", line 518, in thread_handler
    raise exc_info[1]
  File "C:\Users\dipak\AppData\Local\Programs\Python\Python311\Lib\site-packages\django\core\handlers\exception.py", line 42, in inner
    response = await get_response(request)
               ^^^^^^^^^^^^^^^^^^^^^^^^^^^
  File "C:\Users\dipak\AppData\Local\Programs\Python\Python311\Lib\site-packages\django\utils\deprecation.py", line 132, in __acall__
    response = await sync_to_async(
               ^^^^^^^^^^^^^^^^^^^^
  File "C:\Users\dipak\AppData\Local\Programs\Python\Python311\Lib\site-packages\asgiref\sync.py", line 468, in __call__
    ret = await asyncio.shield(exec_coro)
          ^^^^^^^^^^^^^^^^^^^^^^^^^^^^^^^
  File "C:\Users\dipak\AppData\Local\Programs\Python\Python311\Lib\concurrent\futures\thread.py", line 58, in run
    result = self.fn(*self.args, **self.kwargs)
             ^^^^^^^^^^^^^^^^^^^^^^^^^^^^^^^^^^
  File "C:\Users\dipak\AppData\Local\Programs\Python\Python311\Lib\site-packages\asgiref\sync.py", line 522, in thread_handler
    return func(*args, **kwargs)
           ^^^^^^^^^^^^^^^^^^^^^
  File "C:\Users\dipak\AppData\Local\Programs\Python\Python311\Lib\site-packages\django\middleware\common.py", line 48, in process_request
    host = request.get_host()
           ^^^^^^^^^^^^^^^^^^
  File "C:\Users\dipak\AppData\Local\Programs\Python\Python311\Lib\site-packages\django\http\request.py", line 186, in get_host
    raise DisallowedHost(msg)
django.core.exceptions.DisallowedHost: Invalid HTTP_HOST header: '07bd-2401-4900-1c17-c159-a435-48a-9301-8e2d.ngrok-free.app'. You may need to add '07bd-2401-4900-1c17-c159-a435-48a-9301-8e2d.ngrok-free.app' to ALLOWED_HOSTS.
2025-06-17 09:50:43,313 ERROR    Invalid HTTP_HOST header: '07bd-2401-4900-1c17-c159-a435-48a-9301-8e2d.ngrok-free.app'. You may need to add '07bd-2401-4900-1c17-c159-a435-48a-9301-8e2d.ngrok-free.app' to ALLOWED_HOSTS.
Traceback (most recent call last):
  File "C:\Users\dipak\AppData\Local\Programs\Python\Python311\Lib\site-packages\asgiref\sync.py", line 518, in thread_handler
    raise exc_info[1]
  File "C:\Users\dipak\AppData\Local\Programs\Python\Python311\Lib\site-packages\django\core\handlers\exception.py", line 42, in inner
    response = await get_response(request)
               ^^^^^^^^^^^^^^^^^^^^^^^^^^^
  File "C:\Users\dipak\AppData\Local\Programs\Python\Python311\Lib\site-packages\django\utils\deprecation.py", line 132, in __acall__
    response = await sync_to_async(
               ^^^^^^^^^^^^^^^^^^^^
  File "C:\Users\dipak\AppData\Local\Programs\Python\Python311\Lib\site-packages\asgiref\sync.py", line 468, in __call__
    ret = await asyncio.shield(exec_coro)
          ^^^^^^^^^^^^^^^^^^^^^^^^^^^^^^^
  File "C:\Users\dipak\AppData\Local\Programs\Python\Python311\Lib\concurrent\futures\thread.py", line 58, in run
    result = self.fn(*self.args, **self.kwargs)
             ^^^^^^^^^^^^^^^^^^^^^^^^^^^^^^^^^^
  File "C:\Users\dipak\AppData\Local\Programs\Python\Python311\Lib\site-packages\asgiref\sync.py", line 522, in thread_handler
    return func(*args, **kwargs)
           ^^^^^^^^^^^^^^^^^^^^^
  File "C:\Users\dipak\AppData\Local\Programs\Python\Python311\Lib\site-packages\django\middleware\common.py", line 48, in process_request
    host = request.get_host()
           ^^^^^^^^^^^^^^^^^^
  File "C:\Users\dipak\AppData\Local\Programs\Python\Python311\Lib\site-packages\django\http\request.py", line 186, in get_host
    raise DisallowedHost(msg)
django.core.exceptions.DisallowedHost: Invalid HTTP_HOST header: '07bd-2401-4900-1c17-c159-a435-48a-9301-8e2d.ngrok-free.app'. You may need to add '07bd-2401-4900-1c17-c159-a435-48a-9301-8e2d.ngrok-free.app' to ALLOWED_HOSTS.
Bad Request: /favicon.ico
2025-06-17 09:50:43,344 WARNING  Bad Request: /favicon.ico
2025-06-17 09:51:18,165 INFO     Killed 0 pending application instances
2025-06-17 09:51:19,804 INFO     Starting server at tcp:port=8000:interface=127.0.0.1
2025-06-17 09:51:19,804 INFO     HTTP/2 support enabled
2025-06-17 09:51:19,804 INFO     Configuring endpoint tcp:port=8000:interface=127.0.0.1
2025-06-17 09:51:19,804 INFO     Listening on TCP address 127.0.0.1:8000
Not Found: /favicon.ico
2025-06-17 09:51:28,234 WARNING  Not Found: /favicon.ico
2025-06-17 09:52:27,685 INFO     Killed 0 pending application instances
2025-06-17 18:00:13,604 INFO     Starting server at tcp:port=8000:interface=127.0.0.1
2025-06-17 18:00:13,605 INFO     HTTP/2 support enabled
2025-06-17 18:00:13,605 INFO     Configuring endpoint tcp:port=8000:interface=127.0.0.1
2025-06-17 18:00:13,606 INFO     Listening on TCP address 127.0.0.1:8000
Not Found: /favicon.ico
2025-06-18 09:29:00,264 WARNING  Not Found: /favicon.ico
2025-06-18 09:37:34,330 INFO     Killed 0 pending application instances
2025-06-19 12:12:34,830 INFO     Starting server at tcp:port=8000:interface=127.0.0.1
2025-06-19 12:12:34,834 INFO     HTTP/2 support enabled
2025-06-19 12:12:34,834 INFO     Configuring endpoint tcp:port=8000:interface=127.0.0.1
2025-06-19 12:12:34,835 INFO     Listening on TCP address 127.0.0.1:8000
2025-06-19 12:18:36,770 WARNING  Not Found: /static/rest_framework/css/bootstrap.min.css
2025-06-19 12:18:36,783 WARNING  Not Found: /static/rest_framework/css/prettify.css
2025-06-19 12:18:36,788 WARNING  Not Found: /static/rest_framework/css/bootstrap-tweaks.css
2025-06-19 12:18:36,823 WARNING  Not Found: /static/rest_framework/js/csrf.js
2025-06-19 12:18:36,825 WARNING  Not Found: /static/rest_framework/js/ajax-form.js
2025-06-19 12:18:36,825 WARNING  Not Found: /static/rest_framework/js/prettify-min.js
2025-06-19 12:18:36,825 WARNING  Not Found: /static/rest_framework/css/default.css
2025-06-19 12:18:36,825 WARNING  Not Found: /static/rest_framework/js/bootstrap.min.js
2025-06-19 12:18:36,838 WARNING  Not Found: /static/rest_framework/js/default.js
2025-06-19 12:18:36,850 WARNING  Not Found: /static/rest_framework/js/load-ajax-form.js
2025-06-19 12:18:36,850 WARNING  Not Found: /static/rest_framework/js/jquery-3.7.1.min.js
2025-06-19 12:18:37,033 WARNING  Not Found: /favicon.ico
2025-06-19 12:20:21,339 WARNING  Not Found: /static/rest_framework/css/bootstrap.min.css
2025-06-19 12:20:21,343 WARNING  Not Found: /static/rest_framework/css/bootstrap-tweaks.css
2025-06-19 12:20:21,343 WARNING  Not Found: /static/rest_framework/js/jquery-3.7.1.min.js
2025-06-19 12:20:21,344 WARNING  Not Found: /static/rest_framework/css/prettify.css
2025-06-19 12:20:21,345 WARNING  Not Found: /static/rest_framework/css/default.css
2025-06-19 12:20:21,346 WARNING  Not Found: /static/rest_framework/js/ajax-form.js
2025-06-19 12:20:21,363 WARNING  Not Found: /static/rest_framework/js/csrf.js
2025-06-19 12:20:21,367 WARNING  Not Found: /static/rest_framework/js/bootstrap.min.js
2025-06-19 12:20:21,367 WARNING  Not Found: /static/rest_framework/js/load-ajax-form.js
2025-06-19 12:20:21,368 WARNING  Not Found: /static/rest_framework/js/default.js
2025-06-19 12:20:21,368 WARNING  Not Found: /static/rest_framework/js/prettify-min.js
2025-06-19 12:25:38,069 WARNING  Not Found: /static/rest_framework/css/bootstrap.min.css
2025-06-19 12:25:38,086 WARNING  Not Found: /static/rest_framework/js/jquery-3.7.1.min.js
2025-06-19 12:25:38,087 WARNING  Not Found: /static/rest_framework/css/prettify.css
2025-06-19 12:25:38,088 WARNING  Not Found: /static/rest_framework/js/ajax-form.js
2025-06-19 12:25:38,088 WARNING  Not Found: /static/rest_framework/css/bootstrap-tweaks.css
2025-06-19 12:25:38,088 WARNING  Not Found: /static/rest_framework/css/default.css
2025-06-19 12:25:38,091 WARNING  Not Found: /static/rest_framework/js/csrf.js
2025-06-19 12:25:38,146 WARNING  Not Found: /static/rest_framework/js/default.js
2025-06-19 12:25:38,147 WARNING  Not Found: /static/rest_framework/js/bootstrap.min.js
2025-06-19 12:25:38,147 WARNING  Not Found: /static/rest_framework/js/prettify-min.js
2025-06-19 12:25:38,148 WARNING  Not Found: /static/rest_framework/js/load-ajax-form.js
2025-06-19 12:25:39,629 WARNING  Not Found: /static/rest_framework/css/bootstrap.min.css
2025-06-19 12:25:39,647 WARNING  Not Found: /static/rest_framework/css/prettify.css
2025-06-19 12:25:39,647 WARNING  Not Found: /static/rest_framework/js/jquery-3.7.1.min.js
2025-06-19 12:25:39,647 WARNING  Not Found: /static/rest_framework/css/default.css
2025-06-19 12:25:39,648 WARNING  Not Found: /static/rest_framework/js/ajax-form.js
2025-06-19 12:25:39,648 WARNING  Not Found: /static/rest_framework/js/csrf.js
2025-06-19 12:25:39,648 WARNING  Not Found: /static/rest_framework/css/bootstrap-tweaks.css
2025-06-19 12:25:39,678 WARNING  Not Found: /static/rest_framework/js/prettify-min.js
2025-06-19 12:25:39,679 WARNING  Not Found: /static/rest_framework/js/bootstrap.min.js
2025-06-19 12:25:39,680 WARNING  Not Found: /static/rest_framework/js/load-ajax-form.js
2025-06-19 12:25:39,680 WARNING  Not Found: /static/rest_framework/js/default.js
2025-06-19 12:25:40,366 WARNING  Not Found: /static/rest_framework/css/bootstrap.min.css
2025-06-19 12:25:40,368 WARNING  Not Found: /static/rest_framework/js/jquery-3.7.1.min.js
2025-06-19 12:25:40,368 WARNING  Not Found: /static/rest_framework/css/prettify.css
2025-06-19 12:25:40,368 WARNING  Not Found: /static/rest_framework/css/default.css
2025-06-19 12:25:40,369 WARNING  Not Found: /static/rest_framework/css/bootstrap-tweaks.css
2025-06-19 12:25:40,369 WARNING  Not Found: /static/rest_framework/js/ajax-form.js
2025-06-19 12:25:40,405 WARNING  Not Found: /static/rest_framework/js/csrf.js
2025-06-19 12:25:40,420 WARNING  Not Found: /static/rest_framework/js/prettify-min.js
2025-06-19 12:25:40,420 WARNING  Not Found: /static/rest_framework/js/default.js
2025-06-19 12:25:40,420 WARNING  Not Found: /static/rest_framework/js/bootstrap.min.js
2025-06-19 12:25:40,420 WARNING  Not Found: /static/rest_framework/js/load-ajax-form.js
2025-06-19 12:25:41,550 WARNING  Not Found: /static/rest_framework/css/bootstrap.min.css
2025-06-19 12:25:41,567 WARNING  Not Found: /static/rest_framework/css/bootstrap-tweaks.css
2025-06-19 12:25:41,567 WARNING  Not Found: /static/rest_framework/js/jquery-3.7.1.min.js
2025-06-19 12:25:41,568 WARNING  Not Found: /static/rest_framework/css/prettify.css
2025-06-19 12:25:41,568 WARNING  Not Found: /static/rest_framework/js/ajax-form.js
2025-06-19 12:25:41,569 WARNING  Not Found: /static/rest_framework/css/default.css
2025-06-19 12:25:41,569 WARNING  Not Found: /static/rest_framework/js/csrf.js
2025-06-19 12:25:41,606 WARNING  Not Found: /static/rest_framework/js/bootstrap.min.js
2025-06-19 12:25:41,607 WARNING  Not Found: /static/rest_framework/js/load-ajax-form.js
2025-06-19 12:25:41,607 WARNING  Not Found: /static/rest_framework/js/prettify-min.js
2025-06-19 12:25:41,608 WARNING  Not Found: /static/rest_framework/js/default.js
2025-06-19 12:26:31,492 WARNING  Not Found: /static/rest_framework/js/jquery-3.7.1.min.js
2025-06-19 12:26:31,492 WARNING  Not Found: /static/rest_framework/css/bootstrap-tweaks.css
2025-06-19 12:26:31,493 WARNING  Not Found: /static/rest_framework/css/prettify.css
2025-06-19 12:26:31,494 WARNING  Not Found: /static/rest_framework/css/default.css
2025-06-19 12:26:31,495 WARNING  Not Found: /static/rest_framework/js/ajax-form.js
2025-06-19 12:26:31,495 WARNING  Not Found: /static/rest_framework/css/bootstrap.min.css
2025-06-19 12:26:31,517 WARNING  Not Found: /static/rest_framework/js/csrf.js
2025-06-19 12:26:31,517 WARNING  Not Found: /static/rest_framework/js/default.js
2025-06-19 12:26:31,517 WARNING  Not Found: /static/rest_framework/js/bootstrap.min.js
2025-06-19 12:26:31,518 WARNING  Not Found: /static/rest_framework/js/prettify-min.js
2025-06-19 12:26:31,521 WARNING  Not Found: /static/rest_framework/js/load-ajax-form.js
2025-06-19 12:26:32,831 WARNING  Not Found: /static/rest_framework/css/default.css
2025-06-19 12:26:32,831 WARNING  Not Found: /static/rest_framework/css/bootstrap.min.css
2025-06-19 12:26:32,831 WARNING  Not Found: /static/rest_framework/js/jquery-3.7.1.min.js
2025-06-19 12:26:32,831 WARNING  Not Found: /static/rest_framework/css/prettify.css
2025-06-19 12:26:32,833 WARNING  Not Found: /static/rest_framework/js/ajax-form.js
2025-06-19 12:26:32,835 WARNING  Not Found: /static/rest_framework/css/bootstrap-tweaks.css
2025-06-19 12:26:32,854 WARNING  Not Found: /static/rest_framework/js/csrf.js
2025-06-19 12:26:32,854 WARNING  Not Found: /static/rest_framework/js/default.js
2025-06-19 12:26:32,854 WARNING  Not Found: /static/rest_framework/js/bootstrap.min.js
2025-06-19 12:26:32,855 WARNING  Not Found: /static/rest_framework/js/prettify-min.js
2025-06-19 12:26:32,856 WARNING  Not Found: /static/rest_framework/js/load-ajax-form.js
2025-06-19 12:26:33,173 WARNING  Not Found: /static/rest_framework/css/bootstrap.min.css
2025-06-19 12:26:33,176 WARNING  Not Found: /static/rest_framework/css/default.css
2025-06-19 12:26:33,177 WARNING  Not Found: /static/rest_framework/js/ajax-form.js
2025-06-19 12:26:33,177 WARNING  Not Found: /static/rest_framework/js/jquery-3.7.1.min.js
2025-06-19 12:26:33,177 WARNING  Not Found: /static/rest_framework/css/bootstrap-tweaks.css
2025-06-19 12:26:33,177 WARNING  Not Found: /static/rest_framework/css/prettify.css
2025-06-19 12:26:33,188 WARNING  Not Found: /static/rest_framework/js/csrf.js
2025-06-19 12:26:33,200 WARNING  Not Found: /static/rest_framework/js/bootstrap.min.js
2025-06-19 12:26:33,201 WARNING  Not Found: /static/rest_framework/js/prettify-min.js
2025-06-19 12:26:33,201 WARNING  Not Found: /static/rest_framework/js/default.js
2025-06-19 12:26:33,203 WARNING  Not Found: /static/rest_framework/js/load-ajax-form.js
2025-06-19 12:26:33,416 WARNING  Not Found: /static/rest_framework/css/prettify.css
2025-06-19 12:26:33,417 WARNING  Not Found: /static/rest_framework/css/default.css
2025-06-19 12:26:33,417 WARNING  Not Found: /static/rest_framework/css/bootstrap.min.css
2025-06-19 12:26:33,417 WARNING  Not Found: /static/rest_framework/js/ajax-form.js
2025-06-19 12:26:33,417 WARNING  Not Found: /static/rest_framework/css/bootstrap-tweaks.css
2025-06-19 12:26:33,417 WARNING  Not Found: /static/rest_framework/js/jquery-3.7.1.min.js
2025-06-19 12:26:33,439 WARNING  Not Found: /static/rest_framework/js/csrf.js
2025-06-19 12:26:33,440 WARNING  Not Found: /static/rest_framework/js/prettify-min.js
2025-06-19 12:26:33,440 WARNING  Not Found: /static/rest_framework/js/bootstrap.min.js
2025-06-19 12:26:33,440 WARNING  Not Found: /static/rest_framework/js/load-ajax-form.js
2025-06-19 12:26:33,441 WARNING  Not Found: /static/rest_framework/js/default.js
2025-06-19 12:26:33,614 WARNING  Not Found: /static/rest_framework/css/bootstrap-tweaks.css
2025-06-19 12:26:33,614 WARNING  Not Found: /static/rest_framework/css/default.css
2025-06-19 12:26:33,615 WARNING  Not Found: /static/rest_framework/js/ajax-form.js
2025-06-19 12:26:33,615 WARNING  Not Found: /static/rest_framework/js/jquery-3.7.1.min.js
2025-06-19 12:26:33,615 WARNING  Not Found: /static/rest_framework/css/bootstrap.min.css
2025-06-19 12:26:33,615 WARNING  Not Found: /static/rest_framework/css/prettify.css
2025-06-19 12:26:33,650 WARNING  Not Found: /static/rest_framework/js/prettify-min.js
2025-06-19 12:26:33,650 WARNING  Not Found: /static/rest_framework/js/bootstrap.min.js
2025-06-19 12:26:33,650 WARNING  Not Found: /static/rest_framework/js/csrf.js
2025-06-19 12:26:33,651 WARNING  Not Found: /static/rest_framework/js/default.js
2025-06-19 12:26:33,652 WARNING  Not Found: /static/rest_framework/js/load-ajax-form.js
2025-06-19 12:28:08,133 WARNING  Not Found: /static/rest_framework/css/bootstrap.min.css
2025-06-19 12:28:08,134 WARNING  Not Found: /static/rest_framework/css/bootstrap-tweaks.css
2025-06-19 12:28:08,136 WARNING  Not Found: /static/rest_framework/css/default.css
2025-06-19 12:28:08,136 WARNING  Not Found: /static/rest_framework/css/prettify.css
2025-06-19 12:28:08,138 WARNING  Not Found: /static/rest_framework/js/jquery-3.7.1.min.js
2025-06-19 12:28:08,138 WARNING  Not Found: /static/rest_framework/js/ajax-form.js
2025-06-19 12:28:08,160 WARNING  Not Found: /static/rest_framework/js/bootstrap.min.js
2025-06-19 12:28:08,161 WARNING  Not Found: /static/rest_framework/js/csrf.js
2025-06-19 12:28:08,163 WARNING  Not Found: /static/rest_framework/js/prettify-min.js
2025-06-19 12:28:08,164 WARNING  Not Found: /static/rest_framework/js/load-ajax-form.js
2025-06-19 12:28:08,164 WARNING  Not Found: /static/rest_framework/js/default.js
2025-06-19 12:28:08,719 WARNING  Not Found: /static/rest_framework/css/bootstrap.min.css
2025-06-19 12:28:08,732 WARNING  Not Found: /static/rest_framework/css/bootstrap-tweaks.css
2025-06-19 12:28:08,732 WARNING  Not Found: /static/rest_framework/js/ajax-form.js
2025-06-19 12:28:08,732 WARNING  Not Found: /static/rest_framework/css/prettify.css
2025-06-19 12:28:08,733 WARNING  Not Found: /static/rest_framework/css/default.css
2025-06-19 12:28:08,736 WARNING  Not Found: /static/rest_framework/js/jquery-3.7.1.min.js
2025-06-19 12:28:08,742 WARNING  Not Found: /static/rest_framework/js/csrf.js
2025-06-19 12:28:08,756 WARNING  Not Found: /static/rest_framework/js/bootstrap.min.js
2025-06-19 12:28:08,756 WARNING  Not Found: /static/rest_framework/js/default.js
2025-06-19 12:28:08,756 WARNING  Not Found: /static/rest_framework/js/prettify-min.js
2025-06-19 12:28:08,756 WARNING  Not Found: /static/rest_framework/js/load-ajax-form.js
2025-06-19 12:28:09,051 WARNING  Not Found: /static/rest_framework/css/bootstrap.min.css
2025-06-19 12:28:09,067 WARNING  Not Found: /static/rest_framework/js/ajax-form.js
2025-06-19 12:28:09,067 WARNING  Not Found: /static/rest_framework/css/default.css
2025-06-19 12:28:09,067 WARNING  Not Found: /static/rest_framework/css/prettify.css
2025-06-19 12:28:09,068 WARNING  Not Found: /static/rest_framework/js/jquery-3.7.1.min.js
2025-06-19 12:28:09,069 WARNING  Not Found: /static/rest_framework/css/bootstrap-tweaks.css
2025-06-19 12:28:09,092 WARNING  Not Found: /static/rest_framework/js/csrf.js
2025-06-19 12:28:09,093 WARNING  Not Found: /static/rest_framework/js/prettify-min.js
2025-06-19 12:28:09,093 WARNING  Not Found: /static/rest_framework/js/bootstrap.min.js
2025-06-19 12:28:09,095 WARNING  Not Found: /static/rest_framework/js/load-ajax-form.js
2025-06-19 12:28:09,095 WARNING  Not Found: /static/rest_framework/js/default.js
2025-06-19 12:28:09,240 WARNING  Not Found: /static/rest_framework/css/bootstrap.min.css
2025-06-19 12:28:09,241 WARNING  Not Found: /static/rest_framework/js/ajax-form.js
2025-06-19 12:28:09,241 WARNING  Not Found: /static/rest_framework/css/prettify.css
2025-06-19 12:28:09,242 WARNING  Not Found: /static/rest_framework/css/bootstrap-tweaks.css
2025-06-19 12:28:09,242 WARNING  Not Found: /static/rest_framework/css/default.css
2025-06-19 12:28:09,242 WARNING  Not Found: /static/rest_framework/js/jquery-3.7.1.min.js
2025-06-19 12:28:09,252 WARNING  Not Found: /static/rest_framework/js/csrf.js
2025-06-19 12:28:09,252 WARNING  Not Found: /static/rest_framework/js/default.js
2025-06-19 12:28:09,252 WARNING  Not Found: /static/rest_framework/js/load-ajax-form.js
2025-06-19 12:28:09,252 WARNING  Not Found: /static/rest_framework/js/prettify-min.js
2025-06-19 12:28:09,252 WARNING  Not Found: /static/rest_framework/js/bootstrap.min.js
2025-06-19 12:28:09,438 WARNING  Not Found: /static/rest_framework/css/default.css
2025-06-19 12:28:09,438 WARNING  Not Found: /static/rest_framework/css/bootstrap.min.css
2025-06-19 12:28:09,439 WARNING  Not Found: /static/rest_framework/js/jquery-3.7.1.min.js
2025-06-19 12:28:09,439 WARNING  Not Found: /static/rest_framework/css/prettify.css
2025-06-19 12:28:09,439 WARNING  Not Found: /static/rest_framework/js/ajax-form.js
2025-06-19 12:28:09,439 WARNING  Not Found: /static/rest_framework/css/bootstrap-tweaks.css
2025-06-19 12:28:09,461 WARNING  Not Found: /static/rest_framework/js/default.js
2025-06-19 12:28:09,461 WARNING  Not Found: /static/rest_framework/js/bootstrap.min.js
2025-06-19 12:28:09,461 WARNING  Not Found: /static/rest_framework/js/csrf.js
2025-06-19 12:28:09,462 WARNING  Not Found: /static/rest_framework/js/load-ajax-form.js
2025-06-19 12:28:09,462 WARNING  Not Found: /static/rest_framework/js/prettify-min.js
2025-06-19 12:28:09,628 WARNING  Not Found: /static/rest_framework/js/ajax-form.js
2025-06-19 12:28:09,628 WARNING  Not Found: /static/rest_framework/css/bootstrap.min.css
2025-06-19 12:28:09,629 WARNING  Not Found: /static/rest_framework/css/default.css
2025-06-19 12:28:09,629 WARNING  Not Found: /static/rest_framework/css/bootstrap-tweaks.css
2025-06-19 12:28:09,629 WARNING  Not Found: /static/rest_framework/js/jquery-3.7.1.min.js
2025-06-19 12:28:09,629 WARNING  Not Found: /static/rest_framework/css/prettify.css
2025-06-19 12:28:09,653 WARNING  Not Found: /static/rest_framework/js/csrf.js
2025-06-19 12:28:09,654 WARNING  Not Found: /static/rest_framework/js/default.js
2025-06-19 12:28:09,655 WARNING  Not Found: /static/rest_framework/js/bootstrap.min.js
2025-06-19 12:28:09,655 WARNING  Not Found: /static/rest_framework/js/load-ajax-form.js
2025-06-19 12:28:09,656 WARNING  Not Found: /static/rest_framework/js/prettify-min.js
2025-06-19 12:28:09,869 WARNING  Not Found: /static/rest_framework/css/bootstrap.min.css
2025-06-19 12:28:09,870 WARNING  Not Found: /static/rest_framework/css/bootstrap-tweaks.css
2025-06-19 12:28:09,870 WARNING  Not Found: /static/rest_framework/js/ajax-form.js
2025-06-19 12:28:09,871 WARNING  Not Found: /static/rest_framework/css/default.css
2025-06-19 12:28:09,871 WARNING  Not Found: /static/rest_framework/js/jquery-3.7.1.min.js
2025-06-19 12:28:09,872 WARNING  Not Found: /static/rest_framework/css/prettify.css
2025-06-19 12:28:09,896 WARNING  Not Found: /static/rest_framework/js/csrf.js
2025-06-19 12:28:09,896 WARNING  Not Found: /static/rest_framework/js/prettify-min.js
2025-06-19 12:28:09,896 WARNING  Not Found: /static/rest_framework/js/bootstrap.min.js
2025-06-19 12:28:09,896 WARNING  Not Found: /static/rest_framework/js/default.js
2025-06-19 12:28:09,897 WARNING  Not Found: /static/rest_framework/js/load-ajax-form.js
2025-06-19 12:28:10,178 WARNING  Not Found: /static/rest_framework/css/bootstrap.min.css
2025-06-19 12:28:10,195 WARNING  Not Found: /static/rest_framework/css/prettify.css
2025-06-19 12:28:10,195 WARNING  Not Found: /static/rest_framework/js/ajax-form.js
2025-06-19 12:28:10,195 WARNING  Not Found: /static/rest_framework/js/jquery-3.7.1.min.js
2025-06-19 12:28:10,195 WARNING  Not Found: /static/rest_framework/css/bootstrap-tweaks.css
2025-06-19 12:28:10,195 WARNING  Not Found: /static/rest_framework/css/default.css
2025-06-19 12:28:10,197 WARNING  Not Found: /static/rest_framework/js/csrf.js
2025-06-19 12:28:10,206 WARNING  Not Found: /static/rest_framework/js/bootstrap.min.js
2025-06-19 12:28:10,206 WARNING  Not Found: /static/rest_framework/js/prettify-min.js
2025-06-19 12:28:10,206 WARNING  Not Found: /static/rest_framework/js/default.js
2025-06-19 12:28:10,206 WARNING  Not Found: /static/rest_framework/js/load-ajax-form.js
2025-06-19 12:28:10,470 WARNING  Not Found: /static/rest_framework/css/prettify.css
2025-06-19 12:28:10,470 WARNING  Not Found: /static/rest_framework/css/bootstrap-tweaks.css
2025-06-19 12:28:10,470 WARNING  Not Found: /static/rest_framework/css/default.css
2025-06-19 12:28:10,470 WARNING  Not Found: /static/rest_framework/js/ajax-form.js
2025-06-19 12:28:10,471 WARNING  Not Found: /static/rest_framework/js/jquery-3.7.1.min.js
2025-06-19 12:28:10,471 WARNING  Not Found: /static/rest_framework/css/bootstrap.min.css
2025-06-19 12:28:10,507 WARNING  Not Found: /static/rest_framework/js/csrf.js
2025-06-19 12:28:10,507 WARNING  Not Found: /static/rest_framework/js/bootstrap.min.js
2025-06-19 12:28:10,507 WARNING  Not Found: /static/rest_framework/js/default.js
2025-06-19 12:28:10,508 WARNING  Not Found: /static/rest_framework/js/prettify-min.js
2025-06-19 12:28:10,509 WARNING  Not Found: /static/rest_framework/js/load-ajax-form.js
2025-06-19 12:30:09,798 WARNING  Not Found: /static/rest_framework/css/bootstrap.min.css
2025-06-19 12:30:09,799 WARNING  Not Found: /static/rest_framework/css/bootstrap-tweaks.css
2025-06-19 12:30:09,799 WARNING  Not Found: /static/rest_framework/css/prettify.css
2025-06-19 12:30:09,800 WARNING  Not Found: /static/rest_framework/css/default.css
2025-06-19 12:30:09,803 WARNING  Not Found: /static/rest_framework/js/jquery-3.7.1.min.js
2025-06-19 12:30:09,804 WARNING  Not Found: /static/rest_framework/js/ajax-form.js
2025-06-19 12:30:09,843 WARNING  Not Found: /static/rest_framework/js/csrf.js
2025-06-19 12:30:09,843 WARNING  Not Found: /static/rest_framework/js/prettify-min.js
2025-06-19 12:30:09,844 WARNING  Not Found: /static/rest_framework/js/bootstrap.min.js
2025-06-19 12:30:09,844 WARNING  Not Found: /static/rest_framework/js/default.js
2025-06-19 12:30:09,847 WARNING  Not Found: /static/rest_framework/js/load-ajax-form.js
2025-06-19 12:30:10,432 WARNING  Not Found: /static/rest_framework/css/bootstrap.min.css
2025-06-19 12:30:10,445 WARNING  Not Found: /static/rest_framework/js/jquery-3.7.1.min.js
2025-06-19 12:30:10,446 WARNING  Not Found: /static/rest_framework/js/ajax-form.js
2025-06-19 12:30:10,447 WARNING  Not Found: /static/rest_framework/css/prettify.css
2025-06-19 12:30:10,447 WARNING  Not Found: /static/rest_framework/css/default.css
2025-06-19 12:30:10,449 WARNING  Not Found: /static/rest_framework/css/bootstrap-tweaks.css
2025-06-19 12:30:10,451 WARNING  Not Found: /static/rest_framework/js/csrf.js
2025-06-19 12:30:10,466 WARNING  Not Found: /static/rest_framework/js/bootstrap.min.js
2025-06-19 12:30:10,466 WARNING  Not Found: /static/rest_framework/js/prettify-min.js
2025-06-19 12:30:10,469 WARNING  Not Found: /static/rest_framework/js/load-ajax-form.js
2025-06-19 12:30:10,471 WARNING  Not Found: /static/rest_framework/js/default.js
2025-06-20 09:34:55,908 WARNING  Not Found: /static/rest_framework/css/bootstrap-tweaks.css
2025-06-20 09:34:55,908 WARNING  Not Found: /static/rest_framework/css/prettify.css
2025-06-20 09:34:55,913 WARNING  Not Found: /static/rest_framework/css/bootstrap.min.css
2025-06-20 09:34:55,929 WARNING  Not Found: /static/rest_framework/css/default.css
2025-06-20 09:34:55,929 WARNING  Not Found: /static/rest_framework/js/jquery-3.7.1.min.js
2025-06-20 09:34:55,945 WARNING  Not Found: /static/rest_framework/js/ajax-form.js
2025-06-20 09:34:55,945 WARNING  Not Found: /static/rest_framework/js/csrf.js
2025-06-20 09:34:55,960 WARNING  Not Found: /static/rest_framework/js/bootstrap.min.js
2025-06-20 09:34:55,960 WARNING  Not Found: /static/rest_framework/js/prettify-min.js
2025-06-20 09:34:55,976 WARNING  Not Found: /static/rest_framework/js/default.js
2025-06-20 09:34:55,976 WARNING  Not Found: /static/rest_framework/js/load-ajax-form.js
2025-06-20 09:34:56,401 WARNING  Not Found: /favicon.ico
2025-06-20 09:45:42,303 INFO     Killed 0 pending application instances
